[2021-11-23 14:17:29.1950] - INFO - GET 304 /node_modules/framer/build/framer.debug.js 0 B (0ms)

[2021-11-23 14:19:05.9250] - INFO - Reading from /Users/ruucm/MyDocuments/Carving/projects/framer-chatbot/chatbot.framerfx (origin); preserving existing contents of project folder: true
[2021-11-23 14:19:06.1440] - INFO - Couldn’t create temporary image cache symlink: Error Domain=NSCocoaErrorDomain Code=516 "The file “i6ykhw3wjlsgK4sNzH3jouJWcA.png” couldn’t be saved in the folder “512” because a file with the same name already exists." UserInfo={NSFilePath=/Users/ruucm/MyDocuments/Carving/projects/framer-chatbot/chatbot.framerfx/.cache/images/512/i6ykhw3wjlsgK4sNzH3jouJWcA.png, NSUnderlyingError=0x6000021744b0 {Error Domain=NSPOSIXErrorDomain Code=17 "File exists"}}
[2021-11-23 14:19:06.1450] - INFO - Couldn’t create temporary image cache symlink: Error Domain=NSCocoaErrorDomain Code=516 "The file “i6ykhw3wjlsgK4sNzH3jouJWcA.png” couldn’t be saved in the folder “1024” because a file withsaved in the folder “512” because a file with the same name already exists." UserInfo={NSFilePath=/Users/ruucm/MyDocuments/Carving/projects/framer-chatbot/chatbot.framerfx/.cache/images/512/i6ykhw3wjlsgK4sNzH3jouJWcA.png, NSUnderlyingError=0x6000021744b0 {Error Domain=NSPOSIXErrorDomain Code=17 "File exists"}}
[2021-11-23 14:19:06.1450] - INFO - Couldn’t create temporary image cache symlink: Error Domain=NSCocoaErrorDomain Code=516 "The file “i6ykhw3wjlsgK4sNzH3jouJWcA.png” couldn’t be saved in the folder “1024” because a file withErrorDomain Code=516 "The file “i6ykhw3wjlsgK4sNzH3jouJWcA.png” couldn’t be saved in the folder “1024” because a file with06.1450] - INFO - Couldn’t create temporary image cache symlink: Error Domain=NSCocoaErrorDomain Code=516 "The file “i6ykhw3wjlsgK4sNzH3jouJWcA.png” couldn’t be saved in the folder “1024” because a file witharving/projects/framer-chatbot/chatbot.framerfx/.cache/images/512/i6ykhw3wjlsgK4sNzH3jouJWcA.png, NSUnderlyingError=0x6000021744b0 {Error Domain=NSPOSIXErrorDomain Code=17 "File exists"}}
[2021-11-23 14:19:06.1450] - INFO - Couldn’t create temporary image cache symlink: Error Domain=NSCocoaErrorDomain Code=516 "The file “i6ykhw3wjlsgK4sNzH3jouJWcA.png” couldn’t be saved in the folder “1024” because a file with2021-11-23 14:17:29.1950] - INFO - GET 304 /node_modules/framer/build/framer.debug.js 0 B (0ms)

[2021-11-23 14:19:05.9250] - INFO - Reading from /Users/ruucm/MyDocuments/Carving/projects/framer-chatbot/chatbot.framerfx (origin); preserving existing contents of project folder: true
[2021-11-23 14:19:06.1440] - INFO - Couldn’t create temporary image cache symlink: Error Domain=NSCocoaErrorDomain Code=516 "The file “i6ykhw3wjlsgK4sNzH3jouJWcA.png” couldn’t be saved in the folder “512” because a file with the same name already exists." UserInfo={NSFilePath=/Users/ruucm/MyDocuments/Carving/projects/framer-chatbot/chatbot.framerfx/.cache/images/512/i6ykhw3wjlsgK4sNzH3jouJWcA.png, NSUnderlyingError=0x6000021744b0 {Error Domain=NSPOSIXErrorDomain Code=17 "File exists"}}
[2021-11-23 14:19:06.1450] - INFO - Couldn’t create temporary image cache symlink: Error Domain=NSCocoaErrorDomain Code=516 "The file “i6ykhw3wjlsgK4sNzH3jouJWcA.png” couldn’t be saved in the folder “1024” because a file withlready exists." UserInfo={NSFilePath=/Users/ruucm/MyDocuments/Carving/projects/framer-chatbot/chatbot.framerfx/.cache/images/512/i6ykhw3wjlsgK4sNzH3jouJWcA.png, NSUnderlyingError=0x6000021744b0 {Error Domain=NSPOSIXErrorDomain Code=17 "File exists"}}
[2021-11-23 14:19:06.1450] - INFO - Couldn’t create temporary image cache symlink: Error Domain=NSCocoaErrorDomain Code=516 "The file “i6ykhw3wjlsgK4sNzH3jouJWcA.png” couldn’t be saved in the folder “1024” because a file with the same name already exists." UserInfo={NSFilePath=/Users/ruucm/MyDocuments/Carving/projects/framer-chatbot/chatbot.framerfx/.cache/images/1024/i6ykhw3wjlsgK4sNzH3jouJWcA.png, NSUnderlyingError=0x600002174960 {Error Domain=NSPOSIXErrorDomain Code=17 "File exists"}}
[2021-11-23 14:19:06.1450] - INFO - Couldn’t create temporary image cache symlink: Error Domain=NSCocoaErrorDomain Code=516 "The file “i6ykhw3wjlsgK4sNzH3jouJWcA.png” couldn’t be saved in the folder “2048” because a file with the same name already exists." UserInfo={NSFilePath=/Users/ruucm/MyDocuments/Carving/projects/framer-chatbot/chatbot.framerfx/.cache/images/2048/i6ykhw3wjlsgK4sNzH3jouJWcA.png, NSUnderlyingError=0x600002174b10 {Error Domain=NSPOSIXErrorDomain Code=17 "File exists"}}
[2021-11-23 14:19:06.1450] - INFO - Couldn’t create temporary image cache symlink: Error Domain=NSCocoaErrorDomain Code=516 "The file “i6ykhw3wjlsgK4sNzH3jouJWcA.png” couldn’t be saved in the folder “4096” because a file with the same name already exists." UserInfo={NSFilePath=/Users/ruucm/MyDocuments/Carving/projects/framer-chatbot/chatbot.framerfx/.cache/images/4096/i6ykhw3wjlsgK4sNzH3jouJWcA.png, NSUnderlyingError=0x600002174c90 {Error Domain=NSPOSIXErrorDomain Code=17 "File exists"}}
[2021-11-23 14:19:06.1450] - INFO - Couldn’t create temporary image cache symlink: Error Domain=NSCocoaErrorDomain Code=516 "The file “6iVmZNkPiPO9H7V6rvjeWFS8.jpg” couldn’t be saved in the folder “512” because a file with the same name already exists." UserInfo={NSFilePath=/Users/ruucm/MyDocuments/Carving/projects/framer-chatbot/chatbot.framerfx/.cache/images/512/6iVmZNkPiPO9H7V6rvjeWFS8.jpg, NSUnderlyingError=0x600002174f00 {Error Domain=NSPOSIXErrorDomain Code=17 "File exists"}}
[2021-11-23 14:19:06.1460] - INFO - Couldn’t create temporary image cache symlink: Error Domain=NSCocoaErrorDomain Code=516 "The file “6iVmZNkPiPO9H7V6rvjeWFS8.jpg” couldn’t be saved in the folder “1024” because a file with the same name already exists." UserInfo={NSFilePath=/Users/ruucm/MyDocuments/Carving/projects/framer-chatbot/chatbot.framerfx/.cache/images/1024/6iVmZNkPiPO9H7V6rvjeWFS8.jpg, NSUnderlyingError=0x6000021750b0 {Error Domain=NSPOSIXErrorDomain Code=17 "File exists"}}
[2021-11-23 14:19:06.1460] - INFO - Couldn’t create temporary image cache symlink: Error Domain=NSCocoaErrorDomain Code=516 "The file “6iVmZNkPiPO9H7V6rvjeWFS8.jpg” couldn’t be saved in the folder “2048” because a file with the same name already exists." UserInfo={NSFilePath=/Users/ruucm/MyDocuments/Carving/projects/framer-chatbot/chatbot.framerfx/.cache/images/2048/6iVmZNkPiPO9H7V6rvjeWFS8.jpg, NSUnderlyingError=0x600002175200 {Error Domain=NSPOSIXErrorDomain Code=17 "File exists"}}
[2021-11-23 14:19:06.1460] - INFO - Couldn’t create temporary image cache symlink: Error Domain=NSCocoaErrorDomain Code=516 "The file “6iVmZNkPiPO9H7V6rvjeWFS8.jpg” couldn’t be saved in the folder “4096” because a file with the same name already exists." UserInfo={NSFilePath=/Users/ruucm/MyDocuments/Carving/projects/framer-chatbot/chatbot.framerfx/.cache/images/4096/6iVmZNkPiPO9H7V6rvjeWFS8.jpg, NSUnderlyingError=0x600002175380 {Error Domain=NSPOSIXErrorDomain Code=17 "File exists"}}
[2021-11-23 14:19:06.1470] - INFO - Couldn’t create temporary image cache symlink: Error Domain=NSCocoaErrorDomain Code=516 "The file “h8AFxYaXzyMekgW7fRHbJO3nJk.png” couldn’t be saved in the folder “512” because a file with the same name already exists." UserInfo={NSFilePath=/Users/ruucm/MyDocuments/Carving/projects/framer-chatbot/chatbot.framerfx/.cache/images/512/h8AFxYaXzyMekgW7fRHbJO3nJk.png, NSUnderlyingError=0x6000021a4ae0 {Error Domain=NSPOSIXErrorDomain Code=17 "File exists"}}
[2021-11-23 14:19:06.1470] - INFO - Couldn’t create temporary image cache symlink: Error Domain=NSCocoaErrorDomain Code=516 "The file “h8AFxYaXzyMekgW7fRHbJO3nJk.png” couldn’t be saved in the folder “1024” because a file with the same name already exists." UserInfo={NSFilePath=/Users/ruucm/MyDocuments/Carving/projects/framer-chatbot/chatbot.framerfx/.cache/images/1024/h8AFxYaXzyMekgW7fRHbJO3nJk.png, NSUnderlyingError=0x6000021a4c90 {Error Domain=NSPOSIXErrorDomain Code=17 "File exists"}}
[2021-11-23 14:19:06.1470] - INFO - Couldn’t create temporary image cache symlink: Error Domain=NSCocoaErrorDomain Code=516 "The file “h8AFxYaXzyMekgW7fRHbJO3nJk.png” couldn’t be saved in the folder “2048” because a file with the same name already exists." UserInfo={NSFilePath=/Users/ruucm/MyDocuments/Carving/projects/framer-chatbot/chatbot.framerfx/.cache/images/2048/h8AFxYaXzyMekgW7fRHbJO3nJk.png, NSUnderlyingError=0x6000021a4de0 {Error Domain=NSPOSIXErrorDomain Code=17 "File exists"}}
[2021-11-23 14:19:06.1470] - INFO - Couldn’t create temporary image cache symlink: Error Domain=NSCocoaErrorDomain Code=516 "The file “h8AFxYaXzyMekgW7fRHbJO3nJk.png” couldn’t be saved in the folder “4096” because a file with the same name already exists." UserInfo={NSFilePath=/Users/ruucm/MyDocuments/Carving/projects/framer-chatbot/chatbot.framerfx/.cache/images/4096/h8AFxYaXzyMekgW7fRHbJO3nJk.png, NSUnderlyingError=0x6000021a4f60 {Error Domain=NSPOSIXErrorDomain Code=17 "File exists"}}
[2021-11-23 14:19:06.1480] - INFO - Couldn’t create temporary image cache symlink: Error Domain=NSCocoaErrorDomain Code=516 "The file “JNfk1dRtBBxaxw4FbgDS8PEHCg.png” couldn’t be saved in the folder “512” because a file with the same name already exists." UserInfo={NSFilePath=/Users/ruucm/MyDocuments/Carving/projects/framer-chatbot/chatbot.framerfx/.cache/images/512/JNfk1dRtBBxaxw4FbgDS8PEHCg.png, NSUnderlyingError=0x6000021a51d0 {Error Domain=NSPOSIXErrorDomain Code=17 "File exists"}}
[2021-11-23 14:19:06.1480] - INFO - Couldn’t create temporary image cache symlink: Error Domain=NSCocoaErrorDomain Code=516 "The file “JNfk1dRtBBxaxw4FbgDS8PEHCg.png” couldn’t be saved in the folder “1024” because a file with the same name already exists." UserInfo={NSFilePath=/Users/ruucm/MyDocuments/Carving/projects/framer-chatbot/chatbot.framerfx/.cache/images/1024/JNfk1dRtBBxaxw4FbgDS8PEHCg.png, NSUnderlyingError=0x6000021a5320 {Error Domain=NSPOSIXErrorDomain Code=17 "File exists"}}
[2021-11-23 14:19:06.1480] - INFO - Couldn’t create temporary image cache symlink: Error Domain=NSCocoaErrorDomain Code=516 "The file “JNfk1dRtBBxaxw4FbgDS8PEHCg.png” couldn’t be saved in the folder “2048” because a file with the same name already exists." UserInfo={NSFilePath=/Users/ruucm/MyDocuments/Carving/projects/framer-chatbot/chatbot.framerfx/.cache/images/2048/JNfk1dRtBBxaxw4FbgDS8PEHCg.png, NSUnderlyingError=0x6000021a5470 {Error Domain=NSPOSIXErrorDomain Code=17 "File exists"}}
[2021-11-23 14:19:06.1480] - INFO - Couldn’t create temporary image cache symlink: Error Domain=NSCocoaErrorDomain Code=516 "The file “JNfk1dRtBBxaxw4FbgDS8PEHCg.png” couldn’t be saved in the folder “4096” because a file with the same name already exists." UserInfo={NSFilePath=/Users/ruucm/MyDocuments/Carving/projects/framer-chatbot/chatbot.framerfx/.cache/images/4096/JNfk1dRtBBxaxw4FbgDS8PEHCg.png, NSUnderlyingError=0x6000021a55f0 {Error Domain=NSPOSIXErrorDomain Code=17 "File exists"}}
[2021-11-23 14:19:06.1490] - INFO - Couldn’t create temporary image cache symlink: Error Domain=NSCocoaErrorDomain Code=516 "The file “HirbijBYAorcORTZ0j98PyEbZBA.png” couldn’t be saved in the folder “512” because a file with the same name already exists." UserInfo={NSFilePath=/Users/ruucm/MyDocuments/Carving/projects/framer-chatbot/chatbot.framerfx/.cache/images/512/HirbijBYAorcORTZ0j98PyEbZBA.png, NSUnderlyingError=0x6000021a57d0 {Error Domain=NSPOSIXErrorDomain Code=17 "File exists"}}
[2021-11-23 14:19:06.1490] - INFO - Couldn’t create temporary image cache symlink: Error Domain=NSCocoaErrorDomain Code=516 "The file “HirbijBYAorcORTZ0j98PyEbZBA.png” couldn’t be saved in the folder “1024” because a file with the same name already exists." UserInfo={NSFilePath=/Users/ruucm/MyDocuments/Carving/projects/framer-chatbot/chatbot.framerfx/.cache/images/1024/HirbijBYAorcORTZ0j98PyEbZBA.png, NSUnderlyingError=0x6000021a5950 {Error Domain=NSPOSIXErrorDomain Code=17 "File exists"}}
[2021-11-23 14:19:06.1490] - INFO - Couldn’t create temporary image cache symlink: Error Domain=NSCocoaErrorDomain Code=516 "The file “HirbijBYAorcORTZ0j98PyEbZBA.png” couldn’t be saved in the folder “2048” because a file with the same name already exists." UserInfo={NSFilePath=/Users/ruucm/MyDocuments/Carving/projects/framer-chatbot/chatbot.framerfx/.cache/images/2048/HirbijBYAorcORTZ0j98PyEbZBA.png, NSUnderlyingError=0x6000021a5920 {Error Domain=NSPOSIXErrorDomain Code=17 "File exists"}}
[2021-11-23 14:19:06.1500] - INFO - Couldn’t create temporary image cache symlink: Error Domain=NSCocoaErrorDomain Code=516 "The file “HirbijBYAorcORTZ0j98PyEbZBA.png” couldn’t be saved in the folder “4096” because a file with the same name already exists." UserInfo={NSFilePath=/Users/ruucm/MyDocuments/Carving/projects/framer-chatbot/chatbot.framerfx/.cache/images/4096/HirbijBYAorcORTZ0j98PyEbZBA.png, NSUnderlyingError=0x6000021a5bc0 {Error Domain=NSPOSIXErrorDomain Code=17 "File exists"}}
[2021-11-23 14:19:06.1500] - INFO - Done reading
[2021-11-23 14:19:06.1500] - INFO - Marking changed: false
[2021-11-23 14:19:06.2620] - INFO - Proxy Config: exceptions: *.local, 169.254/16
[2021-11-23 14:19:07.3070] - INFO - Project server PID: 4159
[2021-11-23 14:19:07.5210] - INFO - Installing dependencies…
[2021-11-23 14:19:07.7010] - INFO - GET 200 /design/document.json 0 B (7ms)
[2021-11-23 14:19:07.8090] - INFO - GET 200 /node_modules/framer/build/framer.debug.js 0 B (4ms)
[2021-11-23 14:19:09.4160] - ERROR - Tue, 23 Nov 2021 05:19:09 GMT express deprecated res.send(status): Use res.sendStatus(status) instead at Applications/Framer X.app/Contents/Resources/Server/lib/server.js:129:17
[2021-11-23 14:19:10.4470] - INFO - Installing dependencies - DONE. Took 2925ms
[2021-11-23 14:19:11.5910] - ERROR - Framer Library version of project (1.0.5) is older than used in this Framer X version (1.1.7).
[2021-11-23 14:19:11.5910] - ERROR - Try selecting the Built-In Framer Library version from the File menu.
[2021-11-23 14:19:12.2660] - ERROR - yarn check: "@framer/ruucm.index-frame#framer@^0.10.4" doesn't satisfy found match of "framer@1.0.5"
[2021-11-23 14:19:12.6230] - ERROR - yarn check: Found 1 errors.
[2021-11-23 14:19:14.0760] - ERROR - Framer Library version of project (1.0.5) is older than used in this Framer X version (1.1.7).
[2021-11-23 14:19:14.0760] - ERROR - Try selecting the Built-In Framer Library version from the File menu.
[2021-11-23 14:19:14.8780] - ERROR - yarn check: "@framer/ruucm.index-frame#framer@^0.10.4" doesn't satisfy found match of "framer@1.0.5"
[2021-11-23 14:19:15.2220] - ERROR - yarn check: Found 1 errors.
[2021-11-23 14:19:23.9220] - DEBUG - [Save session: 0] Started, operation: autosaveInPlaceOperation, implicitly cancellable
[2021-11-23 14:19:23.9220] - DEBUG - [Save session: 0] Before container.writeChanges
[2021-11-23 14:19:23.9220] - DEBUG - [Save session: 0] Not autosaving to archive, implicitly cancellable
[2021-11-23 14:19:24.0180] - DEBUG - [Save session: 0] Completed container.writeChanges
[2021-11-23 14:19:28.5770] - INFO - GET 304 /preview/?token=demo 0 B (1ms)
[2021-11-23 14:19:28.6380] - INFO - GET 304 /preview/scripts/react/react.development.js 0 B (1ms)
[2021-11-23 14:19:28.6410] - INFO - GET 304 /preview/scripts/react-dom/react-dom.development.js 0 B (1ms)
[2021-11-23 14:19:28.6410] - INFO - GET 304 /node_modules/framer/build/framer.debug.js 0 B (2ms)
[2021-11-23 14:19:28.6430] - INFO - GET 304 /preview/styles/style.css 0 B (1ms)
[2021-11-23 14:19:28.6430] - INFO - GET 304 /preview/styles/Draft.css 0 B (1ms)
[2021-11-23 14:19:28.6440] - INFO - GET 304 /preview/preview.js 0 B (1ms)
[2021-11-23 14:22:17.1500] - INFO - GET 301 /preview 181 B (1ms)
[2021-11-23 14:22:17.1500] - INFO - GET 200 /preview/ 0 B (1ms)
[2021-11-23 14:22:17.2000] - INFO - GET 304 /preview/scripts/react/react.development.js 0 B (0ms)
[2021-11-23 14:22:17.2000] - INFO - GET 304 /preview/scripts/react-dom/react-dom.development.js 0 B (1ms)
[2021-11-23 14:22:17.2010] - INFO - GET 304 /preview/styles/Draft.css 0 B (1ms)
[2021-11-23 14:22:17.2010] - INFO - GET 304 /node_modules/framer/build/framer.debug.js 0 B (0ms)
[2021-11-23 14:22:17.2010] - INFO - GET 304 /preview/styles/style.css 0 B (1ms)
[2021-11-23 14:22:17.2010] - INFO - GET 304 /preview/preview.js 0 B (1ms)
[2021-11-23 14:22:46.7420] - INFO - GET 304 /preview/?token=demo 0 B (0ms)
[2021-11-23 14:22:46.7990] - INFO - GET 304 /preview/scripts/react/react.development.js 0 B (1ms)
[2021-11-23 14:22:46.8020] - INFO - GET 304 /preview/scripts/react-dom/react-dom.development.js 0 B (1ms)
[2021-11-23 14:22:46.8030] - INFO - GET 304 /preview/styles/Draft.css 0 B (0ms)
[2021-11-23 14:22:46.8040] - INFO - GET 304 /node_modules/framer/build/framer.debug.js 0 B (0ms)
[2021-11-23 14:22:46.8050] - INFO - GET 304 /preview/styles/style.css 0 B (1ms)
[2021-11-23 14:22:46.8050] - INFO - GET 304 /preview/preview.js 0 B (1ms)
[2021-11-23 14:23:52.7760] - INFO - writing standalone output /Users/ruucm/Desktop/Main
[2021-11-23 14:23:52.9850] - INFO - standalone export done: /Users/ruucm/Desktop/Main 124
[2021-11-23 14:26:56.2890] - INFO - GET 304 /preview/?token=test46 0 B (1ms)
[2021-11-23 14:26:56.3500] - INFO - GET 304 /preview/scripts/react/react.development.js 0 B (1ms)
[2021-11-23 14:26:56.3540] - INFO - GET 304 /preview/scripts/react-dom/react-dom.development.js 0 B (1ms)
[2021-11-23 14:26:56.3540] - INFO - GET 304 /node_modules/framer/build/framer.debug.js 0 B (1ms)
[2021-11-23 14:26:56.3570] - INFO - GET 304 /preview/styles/style.css 0 B (1ms)
[2021-11-23 14:26:56.3580] - INFO - GET 304 /preview/styles/Draft.css 0 B (1ms)
[2021-11-23 14:26:56.3590] - INFO - GET 304 /preview/preview.js 0 B (0ms)
[2021-11-23 14:26:58.2590] - INFO - GET 304 /preview/?token=demo 0 B (1ms)
[2021-11-23 14:26:58.3100] - INFO - GET 304 /preview/scripts/react/react.development.js 0 B (1ms)
[2021-11-23 14:26:58.3120] - INFO - GET 304 /preview/scripts/react-dom/react-dom.development.js 0 B (1ms)
[2021-11-23 14:26:58.3150] - INFO - GET 304 /preview/styles/Draft.css 0 B (1ms)
[2021-11-23 14:26:58.3170] - INFO - GET 304 /node_modules/framer/build/framer.debug.js 0 B (1ms)
[2021-11-23 14:26:58.3170] - INFO - GET 304 /preview/styles/style.css 0 B (1ms)
[2021-11-23 14:26:58.3170] - INFO - GET 304 /preview/preview.js 0 B (1ms)
[2021-11-23 14:29:13.5140] - INFO - Backing up to /Users/ruucm/MyDocuments/Carving/projects/framer-chatbot/chatbot.framerfx/.backups/2021-11-23 14.29.13.zip
[2021-11-23 14:30:59.7930] - DEBUG - [Save session: 1] Started, operation: autosaveInPlaceOperation
[2021-11-23 14:30:59.7930] - DEBUG - [Save session: 1] Before container.writeChanges
[2021-11-23 14:30:59.7930] - DEBUG - [Save session: 1] Before waitUsingRecursiveRunLoop
[2021-11-23 14:30:59.8650] - DEBUG - [Save session: 1] Completed container.writeChanges
[2021-11-23 14:30:59.8650] - DEBUG - [Save session: 1] Completed waitUsingRecursiveRunLoop
[2021-11-23 14:30:59.8900] - DEBUG - [Save session: 1] Completed super.save
[2021-11-23 14:31:02.1590] - DEBUG - [Save session: 2] Started, operation: saveOperation
[2021-11-23 14:31:02.1590] - DEBUG - [Save session: 2] Before container.writeChanges
[2021-11-23 14:31:02.1590] - DEBUG - [Save session: 2] Before waitUsingRecursiveRunLoop
[2021-11-23 14:31:02.2700] - DEBUG - [Save session: 2] Completed container.writeChanges
[2021-11-23 14:31:02.2700] - DEBUG - [Save session: 2] Completed waitUsingRecursiveRunLoop
[2021-11-23 14:31:02.2880] - DEBUG - [Save session: 2] Completed super.save


[2021-11-23 14:31:19.0680] - INFO - Reading from /Users/ruucm/MyDocuments/Carving/projects/framer-chatbot/chatbot.framerfx (origin); preserving existing contents of project folder: true
[2021-11-23 14:31:19.2920] - INFO - Couldn’t create temporary image cache symlink: Error Domain=NSCocoaErrorDomain Code=516 "The file “6iVmZNkPiPO9H7V6rvjeWFS8.jpg” couldn’t be saved in the folder “512” because a file with the same name already exists." UserInfo={NSFilePath=/Users/ruucm/MyDocuments/Carving/projects/framer-chatbot/chatbot.framerfx/.cache/images/512/6iVmZNkPiPO9H7V6rvjeWFS8.jpg, NSUnderlyingError=0x6000026315f0 {Error Domain=NSPOSIXErrorDomain Code=17 "File exists"}}
[2021-11-23 14:31:19.2930] - INFO - Couldn’t create temporary image cache symlink: Error Domain=NSCocoaErrorDomain Code=516 "The file “6iVmZNkPiPO9H7V6rvjeWFS8.jpg” couldn’t be saved in the folder “1024” because a file with the same name already exists." UserInfo={NSFilePath=/Users/ruucm/MyDocuments/Carving/projects/framer-chatbot/chatbot.framerfx/.cache/images/1024/6iVmZNkPiPO9H7V6rvjeWFS8.jpg, NSUnderlyingError=0x600002631a40 {Error Domain=NSPOSIXErrorDomain Code=17 "File exists"}}
[2021-11-23 14:31:19.2930] - INFO - Couldn’t create temporary image cache symlink: Error Domain=NSCocoaErrorDomain Code=516 "The file “6iVmZNkPiPO9H7V6rvjeWFS8.jpg” couldn’t be saved in the folder “2048” because a file with the same name already exists." UserInfo={NSFilePath=/Users/ruucm/MyDocuments/Carving/projects/framer-chatbot/chatbot.framerfx/.cache/images/2048/6iVmZNkPiPO9H7V6rvjeWFS8.jpg, NSUnderlyingError=0x600002631bf0 {Error Domain=NSPOSIXErrorDomain Code=17 "File exists"}}
[2021-11-23 14:31:19.2930] - INFO - Couldn’t create temporary image cache symlink: Error Domain=NSCocoaErrorDomain Code=516 "The file “6iVmZNkPiPO9H7V6rvjeWFS8.jpg” couldn’t be saved in the folder “4096” because a file with the same name already exists." UserInfo={NSFilePath=/Users/ruucm/MyDocuments/Carving/projects/framer-chatbot/chatbot.framerfx/.cache/images/4096/6iVmZNkPiPO9H7V6rvjeWFS8.jpg, NSUnderlyingError=0x600002631d70 {Error Domain=NSPOSIXErrorDomain Code=17 "File exists"}}
[2021-11-23 14:31:19.2930] - INFO - Couldn’t create temporary image cache symlink: Error Domain=NSCocoaErrorDomain Code=516 "The file “HirbijBYAorcORTZ0j98PyEbZBA.png” couldn’t be saved in the folder “512” because a file with the same name already exists." UserInfo={NSFilePath=/Users/ruucm/MyDocuments/Carving/projects/framer-chatbot/chatbot.framerfx/.cache/images/512/HirbijBYAorcORTZ0j98PyEbZBA.png, NSUnderlyingError=0x600002631f50 {Error Domain=NSPOSIXErrorDomain Code=17 "File exists"}}
[2021-11-23 14:31:19.2940] - INFO - Couldn’t create temporary image cache symlink: Error Domain=NSCocoaErrorDomain Code=516 "The file “HirbijBYAorcORTZ0j98PyEbZBA.png” couldn’t be saved in the folder “1024” because a file with the same name already exists." UserInfo={NSFilePath=/Users/ruucm/MyDocuments/Carving/projects/framer-chatbot/chatbot.framerfx/.cache/images/1024/HirbijBYAorcORTZ0j98PyEbZBA.png, NSUnderlyingError=0x6000026320d0 {Error Domain=NSPOSIXErrorDomain Code=17 "File exists"}}
[2021-11-23 14:31:19.2940] - INFO - Couldn’t create temporary image cache symlink: Error Domain=NSCocoaErrorDomain Code=516 "The file “HirbijBYAorcORTZ0j98PyEbZBA.png” couldn’t be saved in the folder “2048” because a file with the same name already exists." UserInfo={NSFilePath=/Users/ruucm/MyDocuments/Carving/projects/framer-chatbot/chatbot.framerfx/.cache/images/2048/HirbijBYAorcORTZ0j98PyEbZBA.png, NSUnderlyingError=0x6000026320a0 {Error Domain=NSPOSIXErrorDomain Code=17 "File exists"}}
[2021-11-23 14:31:19.2940] - INFO - Couldn’t create temporary image cache symlink: Error Domain=NSCocoaErrorDomain Code=516 "The file “HirbijBYAorcORTZ0j98PyEbZBA.png” couldn’t be saved in the folder “4096” because a file with the same name already exists." UserInfo={NSFilePath=/Users/ruucm/MyDocuments/Carving/projects/framer-chatbot/chatbot.framerfx/.cache/images/4096/HirbijBYAorcORTZ0j98PyEbZBA.png, NSUnderlyingError=0x600002632340 {Error Domain=NSPOSIXErrorDomain Code=17 "File exists"}}
[2021-11-23 14:31:19.2950] - INFO - Couldn’t create temporary image cache symlink: Error Domain=NSCocoaErrorDomain Code=516 "The file “i6ykhw3wjlsgK4sNzH3jouJWcA.png” couldn’t be saved in the folder “512” because a file with the same name already exists." UserInfo={NSFilePath=/Users/ruucm/MyDocuments/Carving/projects/framer-chatbot/chatbot.framerfx/.cache/images/512/i6ykhw3wjlsgK4sNzH3jouJWcA.png, NSUnderlyingError=0x6000026325b0 {Error Domain=NSPOSIXErrorDomain Code=17 "File exists"}}
[2021-11-23 14:31:19.2950] - INFO - Couldn’t create temporary image cache symlink: Error Domain=NSCocoaErrorDomain Code=516 "The file “i6ykhw3wjlsgK4sNzH3jouJWcA.png” couldn’t be saved in the folder “1024” because a file with the same name already exists." UserInfo={NSFilePath=/Users/ruucm/MyDocuments/Carving/projects/framer-chatbot/chatbot.framerfx/.cache/images/1024/i6ykhw3wjlsgK4sNzH3jouJWcA.png, NSUnderlyingError=0x600002632760 {Error Domain=NSPOSIXErrorDomain Code=17 "File exists"}}
[2021-11-23 14:31:19.2950] - INFO - Couldn’t create temporary image cache symlink: Error Domain=NSCocoaErrorDomain Code=516 "The file “i6ykhw3wjlsgK4sNzH3jouJWcA.png” couldn’t be saved in the folder “2048” because a file with the same name already exists." UserInfo={NSFilePath=/Users/ruucm/MyDocuments/Carving/projects/framer-chatbot/chatbot.framerfx/.cache/images/2048/i6ykhw3wjlsgK4sNzH3jouJWcA.png, NSUnderlyingError=0x6000026328b0 {Error Domain=NSPOSIXErrorDomain Code=17 "File exists"}}
[2021-11-23 14:31:19.2950] - INFO - Couldn’t create temporary image cache symlink: Error Domain=NSCocoaErrorDomain Code=516 "The file “i6ykhw3wjlsgK4sNzH3jouJWcA.png” couldn’t be saved in the folder “4096” because a file with the same name already exists." UserInfo={NSFilePath=/Users/ruucm/MyDocuments/Carving/projects/framer-chatbot/chatbot.framerfx/.cache/images/4096/i6ykhw3wjlsgK4sNzH3jouJWcA.png, NSUnderlyingError=0x600002632a30 {Error Domain=NSPOSIXErrorDomain Code=17 "File exists"}}
[2021-11-23 14:31:19.2960] - INFO - Couldn’t create temporary image cache symlink: Error Domain=NSCocoaErrorDomain Code=516 "The file “JNfk1dRtBBxaxw4FbgDS8PEHCg.png” couldn’t be saved in the folder “512” because a file with the same name already exists." UserInfo={NSFilePath=/Users/ruucm/MyDocuments/Carving/projects/framer-chatbot/chatbot.framerfx/.cache/images/512/JNfk1dRtBBxaxw4FbgDS8PEHCg.png, NSUnderlyingError=0x600002632ca0 {Error Domain=NSPOSIXErrorDomain Code=17 "File exists"}}
[2021-11-23 14:31:19.2960] - INFO - Couldn’t create temporary image cache symlink: Error Domain=NSCocoaErrorDomain Code=516 "The file “JNfk1dRtBBxaxw4FbgDS8PEHCg.png” couldn’t be saved in the folder “1024” because a file with the same name already exists." UserInfo={NSFilePath=/Users/ruucm/MyDocuments/Carving/projects/framer-chatbot/chatbot.framerfx/.cache/images/1024/JNfk1dRtBBxaxw4FbgDS8PEHCg.png, NSUnderlyingError=0x600002632e50 {Error Domain=NSPOSIXErrorDomain Code=17 "File exists"}}
[2021-11-23 14:31:19.2960] - INFO - Couldn’t create temporary image cache symlink: Error Domain=NSCocoaErrorDomain Code=516 "The file “JNfk1dRtBBxaxw4FbgDS8PEHCg.png” couldn’t be saved in the folder “2048” because a file with the same name already exists." UserInfo={NSFilePath=/Users/ruucm/MyDocuments/Carving/projects/framer-chatbot/chatbot.framerfx/.cache/images/2048/JNfk1dRtBBxaxw4FbgDS8PEHCg.png, NSUnderlyingError=0x600002632fa0 {Error Domain=NSPOSIXErrorDomain Code=17 "File exists"}}
[2021-11-23 14:31:19.2960] - INFO - Couldn’t create temporary image cache symlink: Error Domain=NSCocoaErrorDomain Code=516 "The file “JNfk1dRtBBxaxw4FbgDS8PEHCg.png” couldn’t be saved in the folder “4096” because a file with the same name already exists." UserInfo={NSFilePath=/Users/ruucm/MyDocuments/Carving/projects/framer-chatbot/chatbot.framerfx/.cache/images/4096/JNfk1dRtBBxaxw4FbgDS8PEHCg.png, NSUnderlyingError=0x600002633120 {Error Domain=NSPOSIXErrorDomain Code=17 "File exists"}}
[2021-11-23 14:31:19.2970] - INFO - Couldn’t create temporary image cache symlink: Error Domain=NSCocoaErrorDomain Code=516 "The file “h8AFxYaXzyMekgW7fRHbJO3nJk.png” couldn’t be saved in the folder “512” because a file with the same name already exists." UserInfo={NSFilePath=/Users/ruucm/MyDocuments/Carving/projects/framer-chatbot/chatbot.framerfx/.cache/images/512/h8AFxYaXzyMekgW7fRHbJO3nJk.png, NSUnderlyingError=0x600002633390 {Error Domain=NSPOSIXErrorDomain Code=17 "File exists"}}
[2021-11-23 14:31:19.2970] - INFO - Couldn’t create temporary image cache symlink: Error Domain=NSCocoaErrorDomain Code=516 "The file “h8AFxYaXzyMekgW7fRHbJO3nJk.png” couldn’t be saved in the folder “1024” because a file with the same name already exists." UserInfo={NSFilePath=/Users/ruucm/MyDocuments/Carving/projects/framer-chatbot/chatbot.framerfx/.cache/images/1024/h8AFxYaXzyMekgW7fRHbJO3nJk.png, NSUnderlyingError=0x600002633540 {Error Domain=NSPOSIXErrorDomain Code=17 "File exists"}}
[2021-11-23 14:31:19.2970] - INFO - Couldn’t create temporary image cache symlink: Error Domain=NSCocoaErrorDomain Code=516 "The file “h8AFxYaXzyMekgW7fRHbJO3nJk.png” couldn’t be saved in the folder “2048” because a file with the same name already exists." UserInfo={NSFilePath=/Users/ruucm/MyDocuments/Carving/projects/framer-chatbot/chatbot.framerfx/.cache/images/2048/h8AFxYaXzyMekgW7fRHbJO3nJk.png, NSUnderlyingError=0x600002633690 {Error Domain=NSPOSIXErrorDomain Code=17 "File exists"}}
[2021-11-23 14:31:19.2970] - INFO - Couldn’t create temporary image cache symlink: Error Domain=NSCocoaErrorDomain Code=516 "The file “h8AFxYaXzyMekgW7fRHbJO3nJk.png” couldn’t be saved in the folder “4096” because a file with the same name already exists." UserInfo={NSFilePath=/Users/ruucm/MyDocuments/Carving/projects/framer-chatbot/chatbot.framerfx/.cache/images/4096/h8AFxYaXzyMekgW7fRHbJO3nJk.png, NSUnderlyingError=0x600002633810 {Error Domain=NSPOSIXErrorDomain Code=17 "File exists"}}
[2021-11-23 14:31:19.2970] - INFO - Done reading
[2021-11-23 14:31:19.2980] - INFO - Marking changed: false
[2021-11-23 14:31:19.4920] - INFO - Proxy Config: exceptions: *.local, 169.254/16
[2021-11-23 14:31:20.5960] - INFO - Project server PID: 6457
[2021-11-23 14:31:20.8320] - INFO - Installing dependencies…
[2021-11-23 14:31:21.0120] - INFO - GET 200 /design/document.json 0 B (10ms)
[2021-11-23 14:31:21.1160] - INFO - GET 200 /node_modules/framer/build/framer.debug.js 0 B (2ms)
[2021-11-23 14:31:22.7430] - ERROR - Tue, 23 Nov 2021 05:31:22 GMT express deprecated res.send(status): Use res.sendStatus(status) instead at Applications/Framer X.app/Contents/Resources/Server/lib/server.js:129:17
[2021-11-23 14:31:22.9930] - INFO - Installing dependencies - DONE. Took 2161ms
[2021-11-23 14:31:24.3600] - ERROR - Framer Library version of project (1.0.5) is older than used in this Framer X version (1.1.7).
[2021-11-23 14:31:24.3600] - ERROR - Try selecting the Built-In Framer Library version from the File menu.
[2021-11-23 14:31:25.0490] - ERROR - yarn check: "@framer/ruucm.index-frame#framer@^0.10.4" doesn't satisfy found match of "framer@1.0.5"
[2021-11-23 14:31:25.4180] - ERROR - yarn check: Found 1 errors.
[2021-11-23 14:31:25.8270] - DEBUG - [Save session: 0] Started, operation: saveOperation
[2021-11-23 14:31:25.8270] - DEBUG - [Save session: 0] Before container.writeChanges
[2021-11-23 14:31:25.8270] - DEBUG - [Save session: 0] Before waitUsingRecursiveRunLoop
[2021-11-23 14:31:25.9190] - DEBUG - [Save session: 0] Completed container.writeChanges
[2021-11-23 14:31:25.9190] - DEBUG - [Save session: 0] Completed waitUsingRecursiveRunLoop
[2021-11-23 14:31:25.9230] - INFO - Marking changed: false
[2021-11-23 14:31:25.9400] - DEBUG - [Save session: 0] Completed super.save
[2021-11-23 14:31:27.5550] - ERROR - Framer Library version of project (1.0.5) is older than used in this Framer X version (1.1.7).
[2021-11-23 14:31:27.5550] - ERROR - Try selecting the Built-In Framer Library version from the File menu.
[2021-11-23 14:31:28.3190] - ERROR - yarn check: "@framer/ruucm.index-frame#framer@^0.10.4" doesn't satisfy found match of "framer@1.0.5"
[2021-11-23 14:31:28.6590] - ERROR - yarn check: Found 1 errors.
[2021-11-23 14:31:33.0080] - INFO - GET 304 /preview/?token=demo 0 B (1ms)
[2021-11-23 14:31:33.0650] - INFO - GET 304 /preview/scripts/react/react.development.js 0 B (1ms)
[2021-11-23 14:31:33.0670] - INFO - GET 304 /preview/styles/Draft.css 0 B (1ms)
[2021-11-23 14:31:33.0680] - INFO - GET 304 /preview/scripts/react-dom/react-dom.development.js 0 B (1ms)
[2021-11-23 14:31:33.0680] - INFO - GET 304 /node_modules/framer/build/framer.debug.js 0 B (1ms)
[2021-11-23 14:31:33.0700] - INFO - GET 304 /preview/styles/style.css 0 B (1ms)
[2021-11-23 14:31:33.0700] - INFO - GET 304 /preview/preview.js 0 B (1ms)
[2021-11-23 14:31:39.1730] - INFO - GET 200 /preview/?token=demo 0 B (1ms)
[2021-11-23 14:31:39.2310] - INFO - GET 200 /preview/styles/Draft.css 0 B (3ms)
[2021-11-23 14:31:39.2310] - INFO - GET 200 /preview/styles/style.css 0 B (3ms)
[2021-11-23 14:31:39.2320] - INFO - GET 200 /preview/scripts/react/react.development.js 0 B (1ms)
[2021-11-23 14:31:39.2600] - INFO - GET 200 /preview/preview.js 0 B (3ms)
[2021-11-23 14:31:39.2730] - INFO - GET 200 /preview/scripts/react-dom/react-dom.development.js 0 B (3ms)
[2021-11-23 14:31:39.3390] - INFO - GET 200 /node_modules/framer/build/framer.debug.js 0 B (3ms)
[2021-11-23 14:31:39.6950] - INFO - GET 200 /images/lychee.png 6.47 kB (2ms)
[2021-11-23 14:31:39.6960] - INFO - GET 200 /design/images/6iVmZNkPiPO9H7V6rvjeWFS8.jpg 70.7 kB (2ms)

[2021-11-23 14:33:24.7200] - INFO - Reading from /Users/ruucm/MyDocuments/Carving/projects/framer-chatbot/chatbot.framerfx (origin); preserving existing contents of project folder: true
[2021-11-23 14:33:24.9400] - INFO - Couldn’t create temporary image cache symlink: Error Domain=NSCocoaErrorDomain Code=516 "The file “6iVmZNkPiPO9H7V6rvjeWFS8.jpg” couldn’t be saved in the folder “512” because a file with the same name already exists." UserInfo={NSFilePath=/Users/ruucm/MyDocuments/Carving/projects/framer-chatbot/chatbot.framerfx/.cache/images/512/6iVmZNkPiPO9H7V6rvjeWFS8.jpg, NSUnderlyingError=0x60000150f0c0 {Error Domain=NSPOSIXErrorDomain Code=17 "File exists"}}
[2021-11-23 14:33:24.9410] - INFO - Couldn’t create temporary image cache symlink: Error Domain=NSCocoaErrorDomain Code=516 "The file “6iVmZNkPiPO9H7V6rvjeWFS8.jpg” couldn’t be saved in the folder “1024” because a file with the same name already exists." UserInfo={NSFilePath=/Users/ruucm/MyDocuments/Carving/projects/framer-chatbot/chatbot.framerfx/.cache/images/1024/6iVmZNkPiPO9H7V6rvjeWFS8.jpg, NSUnderlyingError=0x60000150f510 {Error Domain=NSPOSIXErrorDomain Code=17 "File exists"}}
[2021-11-23 14:33:24.9410] - INFO - Couldn’t create temporary image cache symlink: Error Domain=NSCocoaErrorDomain Code=516 "The file “6iVmZNkPiPO9H7V6rvjeWFS8.jpg” couldn’t be saved in the folder “2048” because a file with the same name already exists." UserInfo={NSFilePath=/Users/ruucm/MyDocuments/Carving/projects/framer-chatbot/chatbot.framerfx/.cache/images/2048/6iVmZNkPiPO9H7V6rvjeWFS8.jpg, NSUnderlyingError=0x60000150f6c0 {Error Domain=NSPOSIXErrorDomain Code=17 "File exists"}}
[2021-11-23 14:33:24.9410] - INFO - Couldn’t create temporary image cache symlink: Error Domain=NSCocoaErrorDomain Code=516 "The file “6iVmZNkPiPO9H7V6rvjeWFS8.jpg” couldn’t be saved in the folder “4096” because a file with the same name already exists." UserInfo={NSFilePath=/Users/ruucm/MyDocuments/Carving/projects/framer-chatbot/chatbot.framerfx/.cache/images/4096/6iVmZNkPiPO9H7V6rvjeWFS8.jpg, NSUnderlyingError=0x60000150f840 {Error Domain=NSPOSIXErrorDomain Code=17 "File exists"}}
[2021-11-23 14:33:24.9420] - INFO - Couldn’t create temporary image cache symlink: Error Domain=NSCocoaErrorDomain Code=516 "The file “JNfk1dRtBBxaxw4FbgDS8PEHCg.png” couldn’t be saved in the folder “512” because a file with the same name already exists." UserInfo={NSFilePath=/Users/ruucm/MyDocuments/Carving/projects/framer-chatbot/chatbot.framerfx/.cache/images/512/JNfk1dRtBBxaxw4FbgDS8PEHCg.png, NSUnderlyingError=0x60000150fab0 {Error Domain=NSPOSIXErrorDomain Code=17 "File exists"}}
[2021-11-23 14:33:24.9420] - INFO - Couldn’t create temporary image cache symlink: Error Domain=NSCocoaErrorDomain Code=516 "The file “JNfk1dRtBBxaxw4FbgDS8PEHCg.png” couldn’t be saved in the folder “1024” because a file with the same name already exists." UserInfo={NSFilePath=/Users/ruucm/MyDocuments/Carving/projects/framer-chatbot/chatbot.framerfx/.cache/images/1024/JNfk1dRtBBxaxw4FbgDS8PEHCg.png, NSUnderlyingError=0x60000150fc60 {Error Domain=NSPOSIXErrorDomain Code=17 "File exists"}}
[2021-11-23 14:33:24.9420] - INFO - Couldn’t create temporary image cache symlink: Error Domain=NSCocoaErrorDomain Code=516 "The file “JNfk1dRtBBxaxw4FbgDS8PEHCg.png” couldn’t be saved in the folder “2048” because a file with the same name already exists." UserInfo={NSFilePath=/Users/ruucm/MyDocuments/Carving/projects/framer-chatbot/chatbot.framerfx/.cache/images/2048/JNfk1dRtBBxaxw4FbgDS8PEHCg.png, NSUnderlyingError=0x60000150fdb0 {Error Domain=NSPOSIXErrorDomain Code=17 "File exists"}}
[2021-11-23 14:33:24.9420] - INFO - Couldn’t create temporary image cache symlink: Error Domain=NSCocoaErrorDomain Code=516 "The file “JNfk1dRtBBxaxw4FbgDS8PEHCg.png” couldn’t be saved in the folder “4096” because a file with the same name already exists." UserInfo={NSFilePath=/Users/ruucm/MyDocuments/Carving/projects/framer-chatbot/chatbot.framerfx/.cache/images/4096/JNfk1dRtBBxaxw4FbgDS8PEHCg.png, NSUnderlyingError=0x60000150ff30 {Error Domain=NSPOSIXErrorDomain Code=17 "File exists"}}
[2021-11-23 14:33:24.9430] - INFO - Couldn’t create temporary image cache symlink: Error Domain=NSCocoaErrorDomain Code=516 "The file “HirbijBYAorcORTZ0j98PyEbZBA.png” couldn’t be saved in the folder “512” because a file with the same name already exists." UserInfo={NSFilePath=/Users/ruucm/MyDocuments/Carving/projects/framer-chatbot/chatbot.framerfx/.cache/images/512/HirbijBYAorcORTZ0j98PyEbZBA.png, NSUnderlyingError=0x6000015eb300 {Error Domain=NSPOSIXErrorDomain Code=17 "File exists"}}
[2021-11-23 14:33:24.9430] - INFO - Couldn’t create temporary image cache symlink: Error Domain=NSCocoaErrorDomain Code=516 "The file “HirbijBYAorcORTZ0j98PyEbZBA.png” couldn’t be saved in the folder “1024” because a file with the same name already exists." UserInfo={NSFilePath=/Users/ruucm/MyDocuments/Carving/projects/framer-chatbot/chatbot.framerfx/.cache/images/1024/HirbijBYAorcORTZ0j98PyEbZBA.png, NSUnderlyingError=0x600001500120 {Error Domain=NSPOSIXErrorDomain Code=17 "File exists"}}
[2021-11-23 14:33:24.9430] - INFO - Couldn’t create temporary image cache symlink: Error Domain=NSCocoaErrorDomain Code=516 "The file “HirbijBYAorcORTZ0j98PyEbZBA.png” couldn’t be saved in the folder “2048” because a file with the same name already exists." UserInfo={NSFilePath=/Users/ruucm/MyDocuments/Carving/projects/framer-chatbot/chatbot.framerfx/.cache/images/2048/HirbijBYAorcORTZ0j98PyEbZBA.png, NSUnderlyingError=0x6000015000f0 {Error Domain=NSPOSIXErrorDomain Code=17 "File exists"}}
[2021-11-23 14:33:24.9440] - INFO - Couldn’t create temporary image cache symlink: Error Domain=NSCocoaErrorDomain Code=516 "The file “HirbijBYAorcORTZ0j98PyEbZBA.png” couldn’t be saved in the folder “4096” because a file with the same name already exists." UserInfo={NSFilePath=/Users/ruucm/MyDocuments/Carving/projects/framer-chatbot/chatbot.framerfx/.cache/images/4096/HirbijBYAorcORTZ0j98PyEbZBA.png, NSUnderlyingError=0x600001500390 {Error Domain=NSPOSIXErrorDomain Code=17 "File exists"}}
[2021-11-23 14:33:24.9440] - INFO - Couldn’t create temporary image cache symlink: Error Domain=NSCocoaErrorDomain Code=516 "The file “i6ykhw3wjlsgK4sNzH3jouJWcA.png” couldn’t be saved in the folder “512” because a file with the same name already exists." UserInfo={NSFilePath=/Users/ruucm/MyDocuments/Carving/projects/framer-chatbot/chatbot.framerfx/.cache/images/512/i6ykhw3wjlsgK4sNzH3jouJWcA.png, NSUnderlyingError=0x600001500600 {Error Domain=NSPOSIXErrorDomain Code=17 "File exists"}}
[2021-11-23 14:33:24.9440] - INFO - Couldn’t create temporary image cache symlink: Error Domain=NSCocoaErrorDomain Code=516 "The file “i6ykhw3wjlsgK4sNzH3jouJWcA.png” couldn’t be saved in the folder “1024” because a file with the same name already exists." UserInfo={NSFilePath=/Users/ruucm/MyDocuments/Carving/projects/framer-chatbot/chatbot.framerfx/.cache/images/1024/i6ykhw3wjlsgK4sNzH3jouJWcA.png, NSUnderlyingError=0x6000015007b0 {Error Domain=NSPOSIXErrorDomain Code=17 "File exists"}}
[2021-11-23 14:33:24.9440] - INFO - Couldn’t create temporary image cache symlink: Error Domain=NSCocoaErrorDomain Code=516 "The file “i6ykhw3wjlsgK4sNzH3jouJWcA.png” couldn’t be saved in the folder “2048” because a file with the same name already exists." UserInfo={NSFilePath=/Users/ruucm/MyDocuments/Carving/projects/framer-chatbot/chatbot.framerfx/.cache/images/2048/i6ykhw3wjlsgK4sNzH3jouJWcA.png, NSUnderlyingError=0x600001500900 {Error Domain=NSPOSIXErrorDomain Code=17 "File exists"}}
[2021-11-23 14:33:24.9450] - INFO - Couldn’t create temporary image cache symlink: Error Domain=NSCocoaErrorDomain Code=516 "The file “i6ykhw3wjlsgK4sNzH3jouJWcA.png” couldn’t be saved in the folder “4096” because a file with the same name already exists." UserInfo={NSFilePath=/Users/ruucm/MyDocuments/Carving/projects/framer-chatbot/chatbot.framerfx/.cache/images/4096/i6ykhw3wjlsgK4sNzH3jouJWcA.png, NSUnderlyingError=0x600001500a80 {Error Domain=NSPOSIXErrorDomain Code=17 "File exists"}}
[2021-11-23 14:33:24.9450] - INFO - Couldn’t create temporary image cache symlink: Error Domain=NSCocoaErrorDomain Code=516 "The file “h8AFxYaXzyMekgW7fRHbJO3nJk.png” couldn’t be saved in the folder “512” because a file with the same name already exists." UserInfo={NSFilePath=/Users/ruucm/MyDocuments/Carving/projects/framer-chatbot/chatbot.framerfx/.cache/images/512/h8AFxYaXzyMekgW7fRHbJO3nJk.png, NSUnderlyingError=0x600001500cf0 {Error Domain=NSPOSIXErrorDomain Code=17 "File exists"}}
[2021-11-23 14:33:24.9450] - INFO - Couldn’t create temporary image cache symlink: Error Domain=NSCocoaErrorDomain Code=516 "The file “h8AFxYaXzyMekgW7fRHbJO3nJk.png” couldn’t be saved in the folder “1024” because a file with the same name already exists." UserInfo={NSFilePath=/Users/ruucm/MyDocuments/Carving/projects/framer-chatbot/chatbot.framerfx/.cache/images/1024/h8AFxYaXzyMekgW7fRHbJO3nJk.png, NSUnderlyingError=0x600001500ea0 {Error Domain=NSPOSIXErrorDomain Code=17 "File exists"}}
[2021-11-23 14:33:24.9450] - INFO - Couldn’t create temporary image cache symlink: Error Domain=NSCocoaErrorDomain Code=516 "The file “h8AFxYaXzyMekgW7fRHbJO3nJk.png” couldn’t be saved in the folder “2048” because a file with the same name already exists." UserInfo={NSFilePath=/Users/ruucm/MyDocuments/Carving/projects/framer-chatbot/chatbot.framerfx/.cache/images/2048/h8AFxYaXzyMekgW7fRHbJO3nJk.png, NSUnderlyingError=0x600001500ff0 {Error Domain=NSPOSIXErrorDomain Code=17 "File exists"}}
[2021-11-23 14:33:24.9460] - INFO - Couldn’t create temporary image cache symlink: Error Domain=NSCocoaErrorDomain Code=516 "The file “h8AFxYaXzyMekgW7fRHbJO3nJk.png” couldn’t be saved in the folder “4096” because a file with the same name already exists." UserInfo={NSFilePath=/Users/ruucm/MyDocuments/Carving/projects/framer-chatbot/chatbot.framerfx/.cache/images/4096/h8AFxYaXzyMekgW7fRHbJO3nJk.png, NSUnderlyingError=0x600001501170 {Error Domain=NSPOSIXErrorDomain Code=17 "File exists"}}
[2021-11-23 14:33:24.9460] - INFO - Done reading
[2021-11-23 14:33:24.9470] - INFO - Marking changed: false
[2021-11-23 14:33:25.1650] - INFO - Proxy Config: exceptions: *.local, 169.254/16
[2021-11-23 14:33:26.2100] - INFO - Project server PID: 6746
[2021-11-23 14:33:26.4240] - INFO - Installing dependencies…
[2021-11-23 14:33:26.5890] - INFO - GET 200 /design/document.json 0 B (3ms)
[2021-11-23 14:33:26.7150] - INFO - GET 200 /node_modules/framer/build/framer.debug.js 0 B (1ms)
[2021-11-23 14:33:28.3320] - ERROR - Tue, 23 Nov 2021 05:33:28 GMT express deprecated res.send(status): Use res.sendStatus(status) instead at Applications/Framer X.app/Contents/Resources/Server/lib/server.js:129:17
[2021-11-23 14:33:28.4890] - INFO - Installing dependencies - DONE. Took 2066ms
[2021-11-23 14:33:29.9590] - ERROR - Framer Library version of project (1.0.5) is older than used in this Framer X version (1.1.7).
[2021-11-23 14:33:29.9590] - ERROR - Try selecting the Built-In Framer Library version from the File menu.
[2021-11-23 14:33:30.6770] - ERROR - yarn check: "@framer/ruucm.index-frame#framer@^0.10.4" doesn't satisfy found match of "framer@1.0.5"
[2021-11-23 14:33:31.0120] - ERROR - yarn check: Found 1 errors.
[2021-11-23 14:33:32.2860] - DEBUG - [Save session: 0] Started, operation: saveOperation
[2021-11-23 14:33:32.2860] - DEBUG - [Save session: 0] Before container.writeChanges
[2021-11-23 14:33:32.2860] - DEBUG - [Save session: 0] Before waitUsingRecursiveRunLoop
[2021-11-23 14:33:32.3820] - DEBUG - [Save session: 0] Completed container.writeChanges
[2021-11-23 14:33:32.3820] - DEBUG - [Save session: 0] Completed waitUsingRecursiveRunLoop
[2021-11-23 14:33:32.3890] - INFO - Marking changed: false
[2021-11-23 14:33:32.3920] - DEBUG - [Save session: 0] Completed super.save
[2021-11-23 14:33:32.4960] - ERROR - Framer Library version of project (1.0.5) is older than used in this Framer X version (1.1.7).
[2021-11-23 14:33:32.4960] - ERROR - Try selecting the Built-In Framer Library version from the File menu.
[2021-11-23 14:33:33.3190] - ERROR - yarn check: "@framer/ruucm.index-frame#framer@^0.10.4" doesn't satisfy found match of "framer@1.0.5"
[2021-11-23 14:33:33.6600] - ERROR - yarn check: Found 1 errors.
[2021-11-23 14:33:34.5700] - INFO - GET 304 /preview/?token=demo 0 B (1ms)
[2021-11-23 14:33:34.6260] - INFO - GET 304 /preview/scripts/react/react.development.js 0 B (1ms)
[2021-11-23 14:33:34.6290] - INFO - GET 304 /preview/scripts/react-dom/react-dom.development.js 0 B (1ms)
[2021-11-23 14:33:34.6290] - INFO - GET 304 /preview/styles/Draft.css 0 B (1ms)
[2021-11-23 14:33:34.6300] - INFO - GET 304 /node_modules/framer/build/framer.debug.js 0 B (0ms)
[2021-11-23 14:33:34.6340] - INFO - GET 304 /preview/styles/style.css 0 B (1ms)
[2021-11-23 14:33:34.6350] - INFO - GET 304 /preview/preview.js 0 B (1ms)
[2021-11-23 14:34:16.6070] - INFO - GET 200 /images/start-answer-0.png 4.17 kB (4ms)
[2021-11-23 14:34:16.6130] - INFO - GET 200 /images/start-answer-1.png 4.24 kB (6ms)
[2021-11-23 14:34:16.6140] - INFO - GET 200 /images/start-answer-2.png 4.27 kB (4ms)
[2021-11-23 14:34:16.6140] - INFO - GET 200 /images/start-answer-3.png 4.2 kB (4ms)
[2021-11-23 14:34:16.6150] - INFO - GET 200 /images/start-answer-4.png 2.87 kB (5ms)
[2021-11-23 14:34:16.6170] - INFO - GET 200 /images/start-default.png 3.76 kB (5ms)
[2021-11-23 14:34:18.2680] - INFO - GET 200 /images/start-active-0.png 8.71 kB (3ms)
[2021-11-23 14:34:18.2680] - INFO - GET 200 /images/start-active-1.png 8.36 kB (3ms)
[2021-11-23 14:34:18.2680] - INFO - GET 200 /images/start-active-2.png 8.86 kB (3ms)
[2021-11-23 14:34:18.2690] - INFO - GET 200 /images/start-active-3.png 8.18 kB (3ms)
[2021-11-23 14:35:24.3820] - INFO - GET 200 /images/knob.svg 0 B (1ms)
[2021-11-23 14:35:31.0450] - INFO - GET 200 /images/arrow-01.svg 312 B (1ms)

[2021-11-23 14:41:23.7960] - INFO - Reading from /Users/ruucm/MyDocuments/Carving/projects/framer-chatbot/chatbot.framerfx (origin); preserving existing contents of project folder: true
[2021-11-23 14:41:24.0150] - INFO - Couldn’t create temporary image cache symlink: Error Domain=NSCocoaErrorDomain Code=516 "The file “HirbijBYAorcORTZ0j98PyEbZBA.png” couldn’t be saved in the folder “512” because a file with the same name already exists." UserInfo={NSFilePath=/Users/ruucm/MyDocuments/Carving/projects/framer-chatbot/chatbot.framerfx/.cache/images/512/HirbijBYAorcORTZ0j98PyEbZBA.png, NSUnderlyingError=0x60000071c840 {Error Domain=NSPOSIXErrorDomain Code=17 "File exists"}}
[2021-11-23 14:41:24.0150] - INFO - Couldn’t create temporary image cache symlink: Error Domain=NSCocoaErrorDomain Code=516 "The file “HirbijBYAorcORTZ0j98PyEbZBA.png” couldn’t be saved in the folder “1024” because a file with the same name already exists." UserInfo={NSFilePath=/Users/ruucm/MyDocuments/Carving/projects/framer-chatbot/chatbot.framerfx/.cache/images/1024/HirbijBYAorcORTZ0j98PyEbZBA.png, NSUnderlyingError=0x60000071da70 {Error Domain=NSPOSIXErrorDomain Code=17 "File exists"}}
[2021-11-23 14:41:24.0160] - INFO - Couldn’t create temporary image cache symlink: Error Domain=NSCocoaErrorDomain Code=516 "The file “HirbijBYAorcORTZ0j98PyEbZBA.png” couldn’t be saved in the folder “2048” because a file with the same name already exists." UserInfo={NSFilePath=/Users/ruucm/MyDocuments/Carving/projects/framer-chatbot/chatbot.framerfx/.cache/images/2048/HirbijBYAorcORTZ0j98PyEbZBA.png, NSUnderlyingError=0x60000071dad0 {Error Domain=NSPOSIXErrorDomain Code=17 "File exists"}}
[2021-11-23 14:41:24.0160] - INFO - Couldn’t create temporary image cache symlink: Error Domain=NSCocoaErrorDomain Code=516 "The file “HirbijBYAorcORTZ0j98PyEbZBA.png” couldn’t be saved in the folder “4096” because a file with the same name already exists." UserInfo={NSFilePath=/Users/ruucm/MyDocuments/Carving/projects/framer-chatbot/chatbot.framerfx/.cache/images/4096/HirbijBYAorcORTZ0j98PyEbZBA.png, NSUnderlyingError=0x60000079a400 {Error Domain=NSPOSIXErrorDomain Code=17 "File exists"}}
[2021-11-23 14:41:24.0160] - INFO - Couldn’t create temporary image cache symlink: Error Domain=NSCocoaErrorDomain Code=516 "The file “JNfk1dRtBBxaxw4FbgDS8PEHCg.png” couldn’t be saved in the folder “512” because a file with the same name already exists." UserInfo={NSFilePath=/Users/ruucm/MyDocuments/Carving/projects/framer-chatbot/chatbot.framerfx/.cache/images/512/JNfk1dRtBBxaxw4FbgDS8PEHCg.png, NSUnderlyingError=0x60000071dd10 {Error Domain=NSPOSIXErrorDomain Code=17 "File exists"}}
[2021-11-23 14:41:24.0170] - INFO - Couldn’t create temporary image cache symlink: Error Domain=NSCocoaErrorDomain Code=516 "The file “JNfk1dRtBBxaxw4FbgDS8PEHCg.png” couldn’t be saved in the folder “1024” because a file with the same name already exists." UserInfo={NSFilePath=/Users/ruucm/MyDocuments/Carving/projects/framer-chatbot/chatbot.framerfx/.cache/images/1024/JNfk1dRtBBxaxw4FbgDS8PEHCg.png, NSUnderlyingError=0x60000071dec0 {Error Domain=NSPOSIXErrorDomain Code=17 "File exists"}}
[2021-11-23 14:41:24.0170] - INFO - Couldn’t create temporary image cache symlink: Error Domain=NSCocoaErrorDomain Code=516 "The file “JNfk1dRtBBxaxw4FbgDS8PEHCg.png” couldn’t be saved in the folder “2048” because a file with the same name already exists." UserInfo={NSFilePath=/Users/ruucm/MyDocuments/Carving/projects/framer-chatbot/chatbot.framerfx/.cache/images/2048/JNfk1dRtBBxaxw4FbgDS8PEHCg.png, NSUnderlyingError=0x60000071e010 {Error Domain=NSPOSIXErrorDomain Code=17 "File exists"}}
[2021-11-23 14:41:24.0170] - INFO - Couldn’t create temporary image cache symlink: Error Domain=NSCocoaErrorDomain Code=516 "The file “JNfk1dRtBBxaxw4FbgDS8PEHCg.png” couldn’t be saved in the folder “4096” because a file with the same name already exists." UserInfo={NSFilePath=/Users/ruucm/MyDocuments/Carving/projects/framer-chatbot/chatbot.framerfx/.cache/images/4096/JNfk1dRtBBxaxw4FbgDS8PEHCg.png, NSUnderlyingError=0x60000071e190 {Error Domain=NSPOSIXErrorDomain Code=17 "File exists"}}
[2021-11-23 14:41:24.0170] - INFO - Couldn’t create temporary image cache symlink: Error Domain=NSCocoaErrorDomain Code=516 "The file “6iVmZNkPiPO9H7V6rvjeWFS8.jpg” couldn’t be saved in the folder “512” because a file with the same name already exists." UserInfo={NSFilePath=/Users/ruucm/MyDocuments/Carving/projects/framer-chatbot/chatbot.framerfx/.cache/images/512/6iVmZNkPiPO9H7V6rvjeWFS8.jpg, NSUnderlyingError=0x60000071e400 {Error Domain=NSPOSIXErrorDomain Code=17 "File exists"}}
[2021-11-23 14:41:24.0180] - INFO - Couldn’t create temporary image cache symlink: Error Domain=NSCocoaErrorDomain Code=516 "The file “6iVmZNkPiPO9H7V6rvjeWFS8.jpg” couldn’t be saved in the folder “1024” because a file with the same name already exists." UserInfo={NSFilePath=/Users/ruucm/MyDocuments/Carving/projects/framer-chatbot/chatbot.framerfx/.cache/images/1024/6iVmZNkPiPO9H7V6rvjeWFS8.jpg, NSUnderlyingError=0x60000071e5b0 {Error Domain=NSPOSIXErrorDomain Code=17 "File exists"}}
[2021-11-23 14:41:24.0180] - INFO - Couldn’t create temporary image cache symlink: Error Domain=NSCocoaErrorDomain Code=516 "The file “6iVmZNkPiPO9H7V6rvjeWFS8.jpg” couldn’t be saved in the folder “2048” because a file with the same name already exists." UserInfo={NSFilePath=/Users/ruucm/MyDocuments/Carving/projects/framer-chatbot/chatbot.framerfx/.cache/images/2048/6iVmZNkPiPO9H7V6rvjeWFS8.jpg, NSUnderlyingError=0x60000071e700 {Error Domain=NSPOSIXErrorDomain Code=17 "File exists"}}
[2021-11-23 14:41:24.0180] - INFO - Couldn’t create temporary image cache symlink: Error Domain=NSCocoaErrorDomain Code=516 "The file “6iVmZNkPiPO9H7V6rvjeWFS8.jpg” couldn’t be saved in the folder “4096” because a file with the same name already exists." UserInfo={NSFilePath=/Users/ruucm/MyDocuments/Carving/projects/framer-chatbot/chatbot.framerfx/.cache/images/4096/6iVmZNkPiPO9H7V6rvjeWFS8.jpg, NSUnderlyingError=0x60000071e880 {Error Domain=NSPOSIXErrorDomain Code=17 "File exists"}}
[2021-11-23 14:41:24.0180] - INFO - Couldn’t create temporary image cache symlink: Error Domain=NSCocoaErrorDomain Code=516 "The file “h8AFxYaXzyMekgW7fRHbJO3nJk.png” couldn’t be saved in the folder “512” because a file with the same name already exists." UserInfo={NSFilePath=/Users/ruucm/MyDocuments/Carving/projects/framer-chatbot/chatbot.framerfx/.cache/images/512/h8AFxYaXzyMekgW7fRHbJO3nJk.png, NSUnderlyingError=0x60000071eaf0 {Error Domain=NSPOSIXErrorDomain Code=17 "File exists"}}
[2021-11-23 14:41:24.0190] - INFO - Couldn’t create temporary image cache symlink: Error Domain=NSCocoaErrorDomain Code=516 "The file “h8AFxYaXzyMekgW7fRHbJO3nJk.png” couldn’t be saved in the folder “1024” because a file with the same name already exists." UserInfo={NSFilePath=/Users/ruucm/MyDocuments/Carving/projects/framer-chatbot/chatbot.framerfx/.cache/images/1024/h8AFxYaXzyMekgW7fRHbJO3nJk.png, NSUnderlyingError=0x60000071eca0 {Error Domain=NSPOSIXErrorDomain Code=17 "File exists"}}
[2021-11-23 14:41:24.0190] - INFO - Couldn’t create temporary image cache symlink: Error Domain=NSCocoaErrorDomain Code=516 "The file “h8AFxYaXzyMekgW7fRHbJO3nJk.png” couldn’t be saved in the folder “2048” because a file with the same name already exists." UserInfo={NSFilePath=/Users/ruucm/MyDocuments/Carving/projects/framer-chatbot/chatbot.framerfx/.cache/images/2048/h8AFxYaXzyMekgW7fRHbJO3nJk.png, NSUnderlyingError=0x60000071edf0 {Error Domain=NSPOSIXErrorDomain Code=17 "File exists"}}
[2021-11-23 14:41:24.0190] - INFO - Couldn’t create temporary image cache symlink: Error Domain=NSCocoaErrorDomain Code=516 "The file “h8AFxYaXzyMekgW7fRHbJO3nJk.png” couldn’t be saved in the folder “4096” because a file with the same name already exists." UserInfo={NSFilePath=/Users/ruucm/MyDocuments/Carving/projects/framer-chatbot/chatbot.framerfx/.cache/images/4096/h8AFxYaXzyMekgW7fRHbJO3nJk.png, NSUnderlyingError=0x60000071ef70 {Error Domain=NSPOSIXErrorDomain Code=17 "File exists"}}
[2021-11-23 14:41:24.0190] - INFO - Couldn’t create temporary image cache symlink: Error Domain=NSCocoaErrorDomain Code=516 "The file “i6ykhw3wjlsgK4sNzH3jouJWcA.png” couldn’t be saved in the folder “512” because a file with the same name already exists." UserInfo={NSFilePath=/Users/ruucm/MyDocuments/Carving/projects/framer-chatbot/chatbot.framerfx/.cache/images/512/i6ykhw3wjlsgK4sNzH3jouJWcA.png, NSUnderlyingError=0x60000071f1e0 {Error Domain=NSPOSIXErrorDomain Code=17 "File exists"}}
[2021-11-23 14:41:24.0200] - INFO - Couldn’t create temporary image cache symlink: Error Domain=NSCocoaErrorDomain Code=516 "The file “i6ykhw3wjlsgK4sNzH3jouJWcA.png” couldn’t be saved in the folder “1024” because a file with the same name already exists." UserInfo={NSFilePath=/Users/ruucm/MyDocuments/Carving/projects/framer-chatbot/chatbot.framerfx/.cache/images/1024/i6ykhw3wjlsgK4sNzH3jouJWcA.png, NSUnderlyingError=0x60000071f330 {Error Domain=NSPOSIXErrorDomain Code=17 "File exists"}}
[2021-11-23 14:41:24.0200] - INFO - Couldn’t create temporary image cache symlink: Error Domain=NSCocoaErrorDomain Code=516 "The file “i6ykhw3wjlsgK4sNzH3jouJWcA.png” couldn’t be saved in the folder “2048” because a file with the same name already exists." UserInfo={NSFilePath=/Users/ruucm/MyDocuments/Carving/projects/framer-chatbot/chatbot.framerfx/.cache/images/2048/i6ykhw3wjlsgK4sNzH3jouJWcA.png, NSUnderlyingError=0x60000071f480 {Error Domain=NSPOSIXErrorDomain Code=17 "File exists"}}
[2021-11-23 14:41:24.0200] - INFO - Couldn’t create temporary image cache symlink: Error Domain=NSCocoaErrorDomain Code=516 "The file “i6ykhw3wjlsgK4sNzH3jouJWcA.png” couldn’t be saved in the folder “4096” because a file with the same name already exists." UserInfo={NSFilePath=/Users/ruucm/MyDocuments/Carving/projects/framer-chatbot/chatbot.framerfx/.cache/images/4096/i6ykhw3wjlsgK4sNzH3jouJWcA.png, NSUnderlyingError=0x60000071f600 {Error Domain=NSPOSIXErrorDomain Code=17 "File exists"}}
[2021-11-23 14:41:24.0200] - INFO - Done reading
[2021-11-23 14:41:24.0210] - INFO - Marking changed: false
[2021-11-23 14:41:24.2240] - INFO - Proxy Config: exceptions: *.local, 169.254/16
[2021-11-23 14:41:25.2620] - INFO - Project server PID: 7961
[2021-11-23 14:41:25.4790] - INFO - Installing dependencies…
[2021-11-23 14:41:25.6600] - INFO - GET 200 /design/document.json 0 B (2ms)
[2021-11-23 14:41:25.7560] - INFO - GET 200 /node_modules/framer/build/framer.debug.js 0 B (1ms)
[2021-11-23 14:41:26.2730] - DEBUG - [Save session: 0] Started, operation: saveOperation
[2021-11-23 14:41:26.2730] - DEBUG - [Save session: 0] Before container.writeChanges
[2021-11-23 14:41:26.2730] - DEBUG - [Save session: 0] Before waitUsingRecursiveRunLoop
[2021-11-23 14:41:26.3660] - DEBUG - [Save session: 0] Completed container.writeChanges
[2021-11-23 14:41:26.3660] - DEBUG - [Save session: 0] Completed waitUsingRecursiveRunLoop
[2021-11-23 14:41:26.3710] - INFO - Marking changed: false
[2021-11-23 14:41:26.3910] - DEBUG - [Save session: 0] Completed super.save
[2021-11-23 14:41:27.4120] - ERROR - Tue, 23 Nov 2021 05:41:27 GMT express deprecated res.send(status): Use res.sendStatus(status) instead at Applications/Framer X.app/Contents/Resources/Server/lib/server.js:129:17
[2021-11-23 14:41:28.6210] - INFO - Installing dependencies - DONE. Took 3142ms
[2021-11-23 14:41:30.5870] - ERROR - Framer Library version of project (1.0.5) is older than used in this Framer X version (1.1.7).
[2021-11-23 14:41:30.5870] - ERROR - Try selecting the Built-In Framer Library version from the File menu.
[2021-11-23 14:41:31.4410] - ERROR - yarn check: "@framer/ruucm.index-frame#framer@^0.10.4" doesn't satisfy found match of "framer@1.0.5"
[2021-11-23 14:41:31.7910] - ERROR - yarn check: Found 1 errors.
[2021-11-23 14:41:32.0830] - INFO - Marking changed: false
[2021-11-23 14:41:33.3650] - ERROR - Framer Library version of project (1.0.5) is older than used in this Framer X version (1.1.7).
[2021-11-23 14:41:33.3650] - ERROR - Try selecting the Built-In Framer Library version from the File menu.
[2021-11-23 14:41:34.1900] - ERROR - yarn check: "@framer/ruucm.index-frame#framer@^0.10.4" doesn't satisfy found match of "framer@1.0.5"
[2021-11-23 14:41:34.6170] - ERROR - yarn check: Found 1 errors.
[2021-11-23 14:41:38.5410] - INFO - GET 304 /preview/?token=demo 0 B (1ms)
[2021-11-23 14:41:38.5980] - INFO - GET 304 /preview/scripts/react/react.development.js 0 B (0ms)
[2021-11-23 14:41:38.6000] - INFO - GET 304 /preview/scripts/react-dom/react-dom.development.js 0 B (1ms)
[2021-11-23 14:41:38.6050] - INFO - GET 304 /node_modules/framer/build/framer.debug.js 0 B (2ms)
[2021-11-23 14:41:38.6050] - INFO - GET 304 /preview/styles/Draft.css 0 B (2ms)
[2021-11-23 14:41:38.6050] - INFO - GET 304 /preview/styles/style.css 0 B (2ms)
[2021-11-23 14:41:38.6070] - INFO - GET 304 /preview/preview.js 0 B (1ms)

[2021-11-23 15:00:43.6420] - INFO - Reading from /Users/ruucm/MyDocuments/Carving/projects/framer-chatbot/chatbot.framerfx (origin); preserving existing contents of project folder: true
[2021-11-23 15:00:43.8390] - INFO - Couldn’t create temporary image cache symlink: Error Domain=NSCocoaErrorDomain Code=516 "The file “i6ykhw3wjlsgK4sNzH3jouJWcA.png” couldn’t be saved in the folder “512” because a file with the same name already exists." UserInfo={NSFilePath=/Users/ruucm/MyDocuments/Carving/projects/framer-chatbot/chatbot.framerfx/.cache/images/512/i6ykhw3wjlsgK4sNzH3jouJWcA.png, NSUnderlyingError=0x600001fb80f0 {Error Domain=NSPOSIXErrorDomain Code=17 "File exists"}}
[2021-11-23 15:00:43.8400] - INFO - Couldn’t create temporary image cache symlink: Error Domain=NSCocoaErrorDomain Code=516 "The file “i6ykhw3wjlsgK4sNzH3jouJWcA.png” couldn’t be saved in the folder “1024” because a file with the same name already exists." UserInfo={NSFilePath=/Users/ruucm/MyDocuments/Carving/projects/framer-chatbot/chatbot.framerfx/.cache/images/1024/i6ykhw3wjlsgK4sNzH3jouJWcA.png, NSUnderlyingError=0x600001fb82a0 {Error Domain=NSPOSIXErrorDomain Code=17 "File exists"}}
[2021-11-23 15:00:43.8400] - INFO - Couldn’t create temporary image cache symlink: Error Domain=NSCocoaErrorDomain Code=516 "The file “i6ykhw3wjlsgK4sNzH3jouJWcA.png” couldn’t be saved in the folder “2048” because a file with the same name already exists." UserInfo={NSFilePath=/Users/ruucm/MyDocuments/Carving/projects/framer-chatbot/chatbot.framerfx/.cache/images/2048/i6ykhw3wjlsgK4sNzH3jouJWcA.png, NSUnderlyingError=0x600001fb8450 {Error Domain=NSPOSIXErrorDomain Code=17 "File exists"}}
[2021-11-23 15:00:43.8400] - INFO - Couldn’t create temporary image cache symlink: Error Domain=NSCocoaErrorDomain Code=516 "The file “i6ykhw3wjlsgK4sNzH3jouJWcA.png” couldn’t be saved in the folder “4096” because a file with the same name already exists." UserInfo={NSFilePath=/Users/ruucm/MyDocuments/Carving/projects/framer-chatbot/chatbot.framerfx/.cache/images/4096/i6ykhw3wjlsgK4sNzH3jouJWcA.png, NSUnderlyingError=0x600001fb85d0 {Error Domain=NSPOSIXErrorDomain Code=17 "File exists"}}
[2021-11-23 15:00:43.8400] - INFO - Couldn’t create temporary image cache symlink: Error Domain=NSCocoaErrorDomain Code=516 "The file “h8AFxYaXzyMekgW7fRHbJO3nJk.png” couldn’t be saved in the folder “512” because a file with the same name already exists." UserInfo={NSFilePath=/Users/ruucm/MyDocuments/Carving/projects/framer-chatbot/chatbot.framerfx/.cache/images/512/h8AFxYaXzyMekgW7fRHbJO3nJk.png, NSUnderlyingError=0x600001fb8840 {Error Domain=NSPOSIXErrorDomain Code=17 "File exists"}}
[2021-11-23 15:00:43.8410] - INFO - Couldn’t create temporary image cache symlink: Error Domain=NSCocoaErrorDomain Code=516 "The file “h8AFxYaXzyMekgW7fRHbJO3nJk.png” couldn’t be saved in the folder “1024” because a file with the same name already exists." UserInfo={NSFilePath=/Users/ruucm/MyDocuments/Carving/projects/framer-chatbot/chatbot.framerfx/.cache/images/1024/h8AFxYaXzyMekgW7fRHbJO3nJk.png, NSUnderlyingError=0x600001fb89f0 {Error Domain=NSPOSIXErrorDomain Code=17 "File exists"}}
[2021-11-23 15:00:43.8410] - INFO - Couldn’t create temporary image cache symlink: Error Domain=NSCocoaErrorDomain Code=516 "The file “h8AFxYaXzyMekgW7fRHbJO3nJk.png” couldn’t be saved in the folder “2048” because a file with the same name already exists." UserInfo={NSFilePath=/Users/ruucm/MyDocuments/Carving/projects/framer-chatbot/chatbot.framerfx/.cache/images/2048/h8AFxYaXzyMekgW7fRHbJO3nJk.png, NSUnderlyingError=0x600001fb8b40 {Error Domain=NSPOSIXErrorDomain Code=17 "File exists"}}
[2021-11-23 15:00:43.8410] - INFO - Couldn’t create temporary image cache symlink: Error Domain=NSCocoaErrorDomain Code=516 "The file “h8AFxYaXzyMekgW7fRHbJO3nJk.png” couldn’t be saved in the folder “4096” because a file with the same name already exists." UserInfo={NSFilePath=/Users/ruucm/MyDocuments/Carving/projects/framer-chatbot/chatbot.framerfx/.cache/images/4096/h8AFxYaXzyMekgW7fRHbJO3nJk.png, NSUnderlyingError=0x600001fb8cc0 {Error Domain=NSPOSIXErrorDomain Code=17 "File exists"}}
[2021-11-23 15:00:43.8410] - INFO - Couldn’t create temporary image cache symlink: Error Domain=NSCocoaErrorDomain Code=516 "The file “6iVmZNkPiPO9H7V6rvjeWFS8.jpg” couldn’t be saved in the folder “512” because a file with the same name already exists." UserInfo={NSFilePath=/Users/ruucm/MyDocuments/Carving/projects/framer-chatbot/chatbot.framerfx/.cache/images/512/6iVmZNkPiPO9H7V6rvjeWFS8.jpg, NSUnderlyingError=0x600001fb8f30 {Error Domain=NSPOSIXErrorDomain Code=17 "File exists"}}
[2021-11-23 15:00:43.8410] - INFO - Couldn’t create temporary image cache symlink: Error Domain=NSCocoaErrorDomain Code=516 "The file “6iVmZNkPiPO9H7V6rvjeWFS8.jpg” couldn’t be saved in the folder “1024” because a file with the same name already exists." UserInfo={NSFilePath=/Users/ruucm/MyDocuments/Carving/projects/framer-chatbot/chatbot.framerfx/.cache/images/1024/6iVmZNkPiPO9H7V6rvjeWFS8.jpg, NSUnderlyingError=0x600001fb9080 {Error Domain=NSPOSIXErrorDomain Code=17 "File exists"}}
[2021-11-23 15:00:43.8420] - INFO - Couldn’t create temporary image cache symlink: Error Domain=NSCocoaErrorDomain Code=516 "The file “6iVmZNkPiPO9H7V6rvjeWFS8.jpg” couldn’t be saved in the folder “2048” because a file with the same name already exists." UserInfo={NSFilePath=/Users/ruucm/MyDocuments/Carving/projects/framer-chatbot/chatbot.framerfx/.cache/images/2048/6iVmZNkPiPO9H7V6rvjeWFS8.jpg, NSUnderlyingError=0x600001fb91d0 {Error Domain=NSPOSIXErrorDomain Code=17 "File exists"}}
[2021-11-23 15:00:43.8420] - INFO - Couldn’t create temporary image cache symlink: Error Domain=NSCocoaErrorDomain Code=516 "The file “6iVmZNkPiPO9H7V6rvjeWFS8.jpg” couldn’t be saved in the folder “4096” because a file with the same name already exists." UserInfo={NSFilePath=/Users/ruucm/MyDocuments/Carving/projects/framer-chatbot/chatbot.framerfx/.cache/images/4096/6iVmZNkPiPO9H7V6rvjeWFS8.jpg, NSUnderlyingError=0x600001fb9350 {Error Domain=NSPOSIXErrorDomain Code=17 "File exists"}}
[2021-11-23 15:00:43.8420] - INFO - Couldn’t create temporary image cache symlink: Error Domain=NSCocoaErrorDomain Code=516 "The file “HirbijBYAorcORTZ0j98PyEbZBA.png” couldn’t be saved in the folder “512” because a file with the same name already exists." UserInfo={NSFilePath=/Users/ruucm/MyDocuments/Carving/projects/framer-chatbot/chatbot.framerfx/.cache/images/512/HirbijBYAorcORTZ0j98PyEbZBA.png, NSUnderlyingError=0x600001fb9530 {Error Domain=NSPOSIXErrorDomain Code=17 "File exists"}}
[2021-11-23 15:00:43.8430] - INFO - Couldn’t create temporary image cache symlink: Error Domain=NSCocoaErrorDomain Code=516 "The file “HirbijBYAorcORTZ0j98PyEbZBA.png” couldn’t be saved in the folder “1024” because a file with the same name already exists." UserInfo={NSFilePath=/Users/ruucm/MyDocuments/Carving/projects/framer-chatbot/chatbot.framerfx/.cache/images/1024/HirbijBYAorcORTZ0j98PyEbZBA.png, NSUnderlyingError=0x600001fb96b0 {Error Domain=NSPOSIXErrorDomain Code=17 "File exists"}}
[2021-11-23 15:00:43.8430] - INFO - Couldn’t create temporary image cache symlink: Error Domain=NSCocoaErrorDomain Code=516 "The file “HirbijBYAorcORTZ0j98PyEbZBA.png” couldn’t be saved in the folder “2048” because a file with the same name already exists." UserInfo={NSFilePath=/Users/ruucm/MyDocuments/Carving/projects/framer-chatbot/chatbot.framerfx/.cache/images/2048/HirbijBYAorcORTZ0j98PyEbZBA.png, NSUnderlyingError=0x600001fb9680 {Error Domain=NSPOSIXErrorDomain Code=17 "File exists"}}
[2021-11-23 15:00:43.8430] - INFO - Couldn’t create temporary image cache symlink: Error Domain=NSCocoaErrorDomain Code=516 "The file “HirbijBYAorcORTZ0j98PyEbZBA.png” couldn’t be saved in the folder “4096” because a file with the same name already exists." UserInfo={NSFilePath=/Users/ruucm/MyDocuments/Carving/projects/framer-chatbot/chatbot.framerfx/.cache/images/4096/HirbijBYAorcORTZ0j98PyEbZBA.png, NSUnderlyingError=0x600001fb9920 {Error Domain=NSPOSIXErrorDomain Code=17 "File exists"}}
[2021-11-23 15:00:43.8430] - INFO - Couldn’t create temporary image cache symlink: Error Domain=NSCocoaErrorDomain Code=516 "The file “JNfk1dRtBBxaxw4FbgDS8PEHCg.png” couldn’t be saved in the folder “512” because a file with the same name already exists." UserInfo={NSFilePath=/Users/ruucm/MyDocuments/Carving/projects/framer-chatbot/chatbot.framerfx/.cache/images/512/JNfk1dRtBBxaxw4FbgDS8PEHCg.png, NSUnderlyingError=0x600001fb9b90 {Error Domain=NSPOSIXErrorDomain Code=17 "File exists"}}
[2021-11-23 15:00:43.8440] - INFO - Couldn’t create temporary image cache symlink: Error Domain=NSCocoaErrorDomain Code=516 "The file “JNfk1dRtBBxaxw4FbgDS8PEHCg.png” couldn’t be saved in the folder “1024” because a file with the same name already exists." UserInfo={NSFilePath=/Users/ruucm/MyDocuments/Carving/projects/framer-chatbot/chatbot.framerfx/.cache/images/1024/JNfk1dRtBBxaxw4FbgDS8PEHCg.png, NSUnderlyingError=0x600001fb9d40 {Error Domain=NSPOSIXErrorDomain Code=17 "File exists"}}
[2021-11-23 15:00:43.8440] - INFO - Couldn’t create temporary image cache symlink: Error Domain=NSCocoaErrorDomain Code=516 "The file “JNfk1dRtBBxaxw4FbgDS8PEHCg.png” couldn’t be saved in the folder “2048” because a file with the same name already exists." UserInfo={NSFilePath=/Users/ruucm/MyDocuments/Carving/projects/framer-chatbot/chatbot.framerfx/.cache/images/2048/JNfk1dRtBBxaxw4FbgDS8PEHCg.png, NSUnderlyingError=0x600001fb9e90 {Error Domain=NSPOSIXErrorDomain Code=17 "File exists"}}
[2021-11-23 15:00:43.8440] - INFO - Couldn’t create temporary image cache symlink: Error Domain=NSCocoaErrorDomain Code=516 "The file “JNfk1dRtBBxaxw4FbgDS8PEHCg.png” couldn’t be saved in the folder “4096” because a file with the same name already exists." UserInfo={NSFilePath=/Users/ruucm/MyDocuments/Carving/projects/framer-chatbot/chatbot.framerfx/.cache/images/4096/JNfk1dRtBBxaxw4FbgDS8PEHCg.png, NSUnderlyingError=0x600001fba010 {Error Domain=NSPOSIXErrorDomain Code=17 "File exists"}}
[2021-11-23 15:00:43.8440] - INFO - Done reading
[2021-11-23 15:00:43.8450] - INFO - Marking changed: false
[2021-11-23 15:00:43.9970] - INFO - Proxy Config: exceptions: *.local, 169.254/16
[2021-11-23 15:00:44.9630] - INFO - Project server PID: 10626
[2021-11-23 15:00:45.1650] - INFO - Installing dependencies…
[2021-11-23 15:00:45.3200] - INFO - GET 200 /design/document.json 0 B (4ms)
[2021-11-23 15:00:45.4120] - INFO - GET 200 /node_modules/framer/build/framer.debug.js 0 B (1ms)
[2021-11-23 15:00:47.0640] - ERROR - Tue, 23 Nov 2021 06:00:47 GMT express deprecated res.send(status): Use res.sendStatus(status) instead at Applications/Framer X.app/Contents/Resources/Server/lib/server.js:129:17
[2021-11-23 15:00:47.2090] - INFO - Installing dependencies - DONE. Took 2045ms
[2021-11-23 15:00:47.3270] - DEBUG - [Save session: 0] Started, operation: saveOperation
[2021-11-23 15:00:47.3270] - DEBUG - [Save session: 0] Before container.writeChanges
[2021-11-23 15:00:47.3270] - DEBUG - [Save session: 0] Before waitUsingRecursiveRunLoop
[2021-11-23 15:00:47.4170] - DEBUG - [Save session: 0] Completed container.writeChanges
[2021-11-23 15:00:47.4180] - DEBUG - [Save session: 0] Completed waitUsingRecursiveRunLoop
[2021-11-23 15:00:47.4220] - INFO - Marking changed: false
[2021-11-23 15:00:47.4250] - DEBUG - [Save session: 0] Completed super.save
[2021-11-23 15:00:49.2980] - ERROR - Framer Library version of project (1.0.5) is older than used in this Framer X version (1.1.7).
[2021-11-23 15:00:49.2990] - ERROR - Try selecting the Built-In Framer Library version from the File menu.
[2021-11-23 15:00:49.4320] - INFO - GET 200 /design/images/HirbijBYAorcORTZ0j98PyEbZBA.png 35.1 kB (1ms)
[2021-11-23 15:00:49.4400] - INFO - GET 200 /images/chatbot-logo.png 8.49 kB (1ms)
[2021-11-23 15:00:49.9340] - ERROR - yarn check: "@framer/ruucm.index-frame#framer@^0.10.4" doesn't satisfy found match of "framer@1.0.5"
[2021-11-23 15:00:50.2470] - ERROR - yarn check: Found 1 errors.
[2021-11-23 15:00:50.5080] - INFO - Marking changed: false
[2021-11-23 15:00:51.7000] - ERROR - Framer Library version of project (1.0.5) is older than used in this Framer X version (1.1.7).
[2021-11-23 15:00:51.7000] - ERROR - Try selecting the Built-In Framer Library version from the File menu.
[2021-11-23 15:00:52.3630] - ERROR - yarn check: "@framer/ruucm.index-frame#framer@^0.10.4" doesn't satisfy found match of "framer@1.0.5"
[2021-11-23 15:00:52.6730] - ERROR - yarn check: Found 1 errors.

[2021-11-23 15:00:54.3250] - INFO - Reading from /Users/ruucm/MyDocuments/Carving/projects/framer-chatbot/chatbot.framerfx (origin); preserving existing contents of project folder: true
[2021-11-23 15:00:54.5230] - INFO - Couldn’t create temporary image cache symlink: Error Domain=NSCocoaErrorDomain Code=516 "The file “i6ykhw3wjlsgK4sNzH3jouJWcA.png” couldn’t be saved in the folder “512” because a file with the same name already exists." UserInfo={NSFilePath=/Users/ruucm/MyDocuments/Carving/projects/framer-chatbot/chatbot.framerfx/.cache/images/512/i6ykhw3wjlsgK4sNzH3jouJWcA.png, NSUnderlyingError=0x600001f7e3a0 {Error Domain=NSPOSIXErrorDomain Code=17 "File exists"}}
[2021-11-23 15:00:54.5230] - INFO - Couldn’t create temporary image cache symlink: Error Domain=NSCocoaErrorDomain Code=516 "The file “i6ykhw3wjlsgK4sNzH3jouJWcA.png” couldn’t be saved in the folder “1024” because a file with the same name already exists." UserInfo={NSFilePath=/Users/ruucm/MyDocuments/Carving/projects/framer-chatbot/chatbot.framerfx/.cache/images/1024/i6ykhw3wjlsgK4sNzH3jouJWcA.png, NSUnderlyingError=0x600001f7edf0 {Error Domain=NSPOSIXErrorDomain Code=17 "File exists"}}
[2021-11-23 15:00:54.5230] - INFO - Couldn’t create temporary image cache symlink: Error Domain=NSCocoaErrorDomain Code=516 "The file “i6ykhw3wjlsgK4sNzH3jouJWcA.png” couldn’t be saved in the folder “2048” because a file with the same name already exists." UserInfo={NSFilePath=/Users/ruucm/MyDocuments/Carving/projects/framer-chatbot/chatbot.framerfx/.cache/images/2048/i6ykhw3wjlsgK4sNzH3jouJWcA.png, NSUnderlyingError=0x600001f7ee80 {Error Domain=NSPOSIXErrorDomain Code=17 "File exists"}}
[2021-11-23 15:00:54.5240] - INFO - Couldn’t create temporary image cache symlink: Error Domain=NSCocoaErrorDomain Code=516 "The file “i6ykhw3wjlsgK4sNzH3jouJWcA.png” couldn’t be saved in the folder “4096” because a file with the same name already exists." UserInfo={NSFilePath=/Users/ruucm/MyDocuments/Carving/projects/framer-chatbot/chatbot.framerfx/.cache/images/4096/i6ykhw3wjlsgK4sNzH3jouJWcA.png, NSUnderlyingError=0x600001f7ea90 {Error Domain=NSPOSIXErrorDomain Code=17 "File exists"}}
[2021-11-23 15:00:54.5240] - INFO - Couldn’t create temporary image cache symlink: Error Domain=NSCocoaErrorDomain Code=516 "The file “h8AFxYaXzyMekgW7fRHbJO3nJk.png” couldn’t be saved in the folder “512” because a file with the same name already exists." UserInfo={NSFilePath=/Users/ruucm/MyDocuments/Carving/projects/framer-chatbot/chatbot.framerfx/.cache/images/512/h8AFxYaXzyMekgW7fRHbJO3nJk.png, NSUnderlyingError=0x600001f7e8b0 {Error Domain=NSPOSIXErrorDomain Code=17 "File exists"}}
[2021-11-23 15:00:54.5240] - INFO - Couldn’t create temporary image cache symlink: Error Domain=NSCocoaErrorDomain Code=516 "The file “h8AFxYaXzyMekgW7fRHbJO3nJk.png” couldn’t be saved in the folder “1024” because a file with the same name already exists." UserInfo={NSFilePath=/Users/ruucm/MyDocuments/Carving/projects/framer-chatbot/chatbot.framerfx/.cache/images/1024/h8AFxYaXzyMekgW7fRHbJO3nJk.png, NSUnderlyingError=0x600001f7e880 {Error Domain=NSPOSIXErrorDomain Code=17 "File exists"}}
[2021-11-23 15:00:54.5240] - INFO - Couldn’t create temporary image cache symlink: Error Domain=NSCocoaErrorDomain Code=516 "The file “h8AFxYaXzyMekgW7fRHbJO3nJk.png” couldn’t be saved in the folder “2048” because a file with the same name already exists." UserInfo={NSFilePath=/Users/ruucm/MyDocuments/Carving/projects/framer-chatbot/chatbot.framerfx/.cache/images/2048/h8AFxYaXzyMekgW7fRHbJO3nJk.png, NSUnderlyingError=0x600001f7fa20 {Error Domain=NSPOSIXErrorDomain Code=17 "File exists"}}
[2021-11-23 15:00:54.5250] - INFO - Couldn’t create temporary image cache symlink: Error Domain=NSCocoaErrorDomain Code=516 "The file “h8AFxYaXzyMekgW7fRHbJO3nJk.png” couldn’t be saved in the folder “4096” because a file with the same name already exists." UserInfo={NSFilePath=/Users/ruucm/MyDocuments/Carving/projects/framer-chatbot/chatbot.framerfx/.cache/images/4096/h8AFxYaXzyMekgW7fRHbJO3nJk.png, NSUnderlyingError=0x600001f7fc30 {Error Domain=NSPOSIXErrorDomain Code=17 "File exists"}}
[2021-11-23 15:00:54.5250] - INFO - Couldn’t create temporary image cache symlink: Error Domain=NSCocoaErrorDomain Code=516 "The file “6iVmZNkPiPO9H7V6rvjeWFS8.jpg” couldn’t be saved in the folder “512” because a file with the same name already exists." UserInfo={NSFilePath=/Users/ruucm/MyDocuments/Carving/projects/framer-chatbot/chatbot.framerfx/.cache/images/512/6iVmZNkPiPO9H7V6rvjeWFS8.jpg, NSUnderlyingError=0x600001f7ff00 {Error Domain=NSPOSIXErrorDomain Code=17 "File exists"}}
[2021-11-23 15:00:54.5250] - INFO - Couldn’t create temporary image cache symlink: Error Domain=NSCocoaErrorDomain Code=516 "The file “6iVmZNkPiPO9H7V6rvjeWFS8.jpg” couldn’t be saved in the folder “1024” because a file with the same name already exists." UserInfo={NSFilePath=/Users/ruucm/MyDocuments/Carving/projects/framer-chatbot/chatbot.framerfx/.cache/images/1024/6iVmZNkPiPO9H7V6rvjeWFS8.jpg, NSUnderlyingError=0x600001f7e910 {Error Domain=NSPOSIXErrorDomain Code=17 "File exists"}}
[2021-11-23 15:00:54.5250] - INFO - Couldn’t create temporary image cache symlink: Error Domain=NSCocoaErrorDomain Code=516 "The file “6iVmZNkPiPO9H7V6rvjeWFS8.jpg” couldn’t be saved in the folder “2048” because a file with the same name already exists." UserInfo={NSFilePath=/Users/ruucm/MyDocuments/Carving/projects/framer-chatbot/chatbot.framerfx/.cache/images/2048/6iVmZNkPiPO9H7V6rvjeWFS8.jpg, NSUnderlyingError=0x600001c801e0 {Error Domain=NSPOSIXErrorDomain Code=17 "File exists"}}
[2021-11-23 15:00:54.5250] - INFO - Couldn’t create temporary image cache symlink: Error Domain=NSCocoaErrorDomain Code=516 "The file “6iVmZNkPiPO9H7V6rvjeWFS8.jpg” couldn’t be saved in the folder “4096” because a file with the same name already exists." UserInfo={NSFilePath=/Users/ruucm/MyDocuments/Carving/projects/framer-chatbot/chatbot.framerfx/.cache/images/4096/6iVmZNkPiPO9H7V6rvjeWFS8.jpg, NSUnderlyingError=0x600001c80360 {Error Domain=NSPOSIXErrorDomain Code=17 "File exists"}}
[2021-11-23 15:00:54.5260] - INFO - Couldn’t create temporary image cache symlink: Error Domain=NSCocoaErrorDomain Code=516 "The file “HirbijBYAorcORTZ0j98PyEbZBA.png” couldn’t be saved in the folder “512” because a file with the same name already exists." UserInfo={NSFilePath=/Users/ruucm/MyDocuments/Carving/projects/framer-chatbot/chatbot.framerfx/.cache/images/512/HirbijBYAorcORTZ0j98PyEbZBA.png, NSUnderlyingError=0x600001c805a0 {Error Domain=NSPOSIXErrorDomain Code=17 "File exists"}}
[2021-11-23 15:00:54.5260] - INFO - Couldn’t create temporary image cache symlink: Error Domain=NSCocoaErrorDomain Code=516 "The file “HirbijBYAorcORTZ0j98PyEbZBA.png” couldn’t be saved in the folder “1024” because a file with the same name already exists." UserInfo={NSFilePath=/Users/ruucm/MyDocuments/Carving/projects/framer-chatbot/chatbot.framerfx/.cache/images/1024/HirbijBYAorcORTZ0j98PyEbZBA.png, NSUnderlyingError=0x600001c808a0 {Error Domain=NSPOSIXErrorDomain Code=17 "File exists"}}
[2021-11-23 15:00:54.5260] - INFO - Couldn’t create temporary image cache symlink: Error Domain=NSCocoaErrorDomain Code=516 "The file “HirbijBYAorcORTZ0j98PyEbZBA.png” couldn’t be saved in the folder “2048” because a file with the same name already exists." UserInfo={NSFilePath=/Users/ruucm/MyDocuments/Carving/projects/framer-chatbot/chatbot.framerfx/.cache/images/2048/HirbijBYAorcORTZ0j98PyEbZBA.png, NSUnderlyingError=0x600001c80870 {Error Domain=NSPOSIXErrorDomain Code=17 "File exists"}}
[2021-11-23 15:00:54.5260] - INFO - Couldn’t create temporary image cache symlink: Error Domain=NSCocoaErrorDomain Code=516 "The file “HirbijBYAorcORTZ0j98PyEbZBA.png” couldn’t be saved in the folder “4096” because a file with the same name already exists." UserInfo={NSFilePath=/Users/ruucm/MyDocuments/Carving/projects/framer-chatbot/chatbot.framerfx/.cache/images/4096/HirbijBYAorcORTZ0j98PyEbZBA.png, NSUnderlyingError=0x600001c80900 {Error Domain=NSPOSIXErrorDomain Code=17 "File exists"}}
[2021-11-23 15:00:54.5260] - INFO - Couldn’t create temporary image cache symlink: Error Domain=NSCocoaErrorDomain Code=516 "The file “JNfk1dRtBBxaxw4FbgDS8PEHCg.png” couldn’t be saved in the folder “512” because a file with the same name already exists." UserInfo={NSFilePath=/Users/ruucm/MyDocuments/Carving/projects/framer-chatbot/chatbot.framerfx/.cache/images/512/JNfk1dRtBBxaxw4FbgDS8PEHCg.png, NSUnderlyingError=0x600001c80ea0 {Error Domain=NSPOSIXErrorDomain Code=17 "File exists"}}
[2021-11-23 15:00:54.5270] - INFO - Couldn’t create temporary image cache symlink: Error Domain=NSCocoaErrorDomain Code=516 "The file “JNfk1dRtBBxaxw4FbgDS8PEHCg.png” couldn’t be saved in the folder “1024” because a file with the same name already exists." UserInfo={NSFilePath=/Users/ruucm/MyDocuments/Carving/projects/framer-chatbot/chatbot.framerfx/.cache/images/1024/JNfk1dRtBBxaxw4FbgDS8PEHCg.png, NSUnderlyingError=0x600001c81140 {Error Domain=NSPOSIXErrorDomain Code=17 "File exists"}}
[2021-11-23 15:00:54.5270] - INFO - Couldn’t create temporary image cache symlink: Error Domain=NSCocoaErrorDomain Code=516 "The file “JNfk1dRtBBxaxw4FbgDS8PEHCg.png” couldn’t be saved in the folder “2048” because a file with the same name already exists." UserInfo={NSFilePath=/Users/ruucm/MyDocuments/Carving/projects/framer-chatbot/chatbot.framerfx/.cache/images/2048/JNfk1dRtBBxaxw4FbgDS8PEHCg.png, NSUnderlyingError=0x600001c812c0 {Error Domain=NSPOSIXErrorDomain Code=17 "File exists"}}
[2021-11-23 15:00:54.5270] - INFO - Couldn’t create temporary image cache symlink: Error Domain=NSCocoaErrorDomain Code=516 "The file “JNfk1dRtBBxaxw4FbgDS8PEHCg.png” couldn’t be saved in the folder “4096” because a file with the same name already exists." UserInfo={NSFilePath=/Users/ruucm/MyDocuments/Carving/projects/framer-chatbot/chatbot.framerfx/.cache/images/4096/JNfk1dRtBBxaxw4FbgDS8PEHCg.png, NSUnderlyingError=0x600001c81410 {Error Domain=NSPOSIXErrorDomain Code=17 "File exists"}}
[2021-11-23 15:00:54.5270] - INFO - Done reading
[2021-11-23 15:00:54.5270] - INFO - Marking changed: false
[2021-11-23 15:00:54.6030] - INFO - Proxy Config: exceptions: *.local, 169.254/16
[2021-11-23 15:00:55.6360] - INFO - Project server PID: 10654
[2021-11-23 15:00:55.8320] - INFO - Installing dependencies…
[2021-11-23 15:00:55.9850] - INFO - GET 200 /design/document.json 0 B (5ms)
[2021-11-23 15:00:56.0780] - INFO - GET 200 /node_modules/framer/build/framer.debug.js 0 B (1ms)
[2021-11-23 15:00:56.7490] - DEBUG - [Save session: 0] Started, operation: saveOperation
[2021-11-23 15:00:56.7490] - DEBUG - [Save session: 0] Before container.writeChanges
[2021-11-23 15:00:56.7490] - DEBUG - [Save session: 0] Before waitUsingRecursiveRunLoop
[2021-11-23 15:00:56.8310] - DEBUG - [Save session: 0] Completed container.writeChanges
[2021-11-23 15:00:56.8320] - DEBUG - [Save session: 0] Completed waitUsingRecursiveRunLoop
[2021-11-23 15:00:56.8360] - INFO - Marking changed: false
[2021-11-23 15:00:56.8380] - DEBUG - [Save session: 0] Completed super.save
[2021-11-23 15:00:57.7470] - ERROR - Tue, 23 Nov 2021 06:00:57 GMT express deprecated res.send(status): Use res.sendStatus(status) instead at Applications/Framer X.app/Contents/Resources/Server/lib/server.js:129:17
[2021-11-23 15:00:57.8770] - INFO - Installing dependencies - DONE. Took 2045ms
[2021-11-23 15:00:59.1570] - ERROR - Framer Library version of project (1.0.5) is older than used in this Framer X version (1.1.7).
[2021-11-23 15:00:59.1570] - ERROR - Try selecting the Built-In Framer Library version from the File menu.
[2021-11-23 15:00:59.7660] - ERROR - yarn check: "@framer/ruucm.index-frame#framer@^0.10.4" doesn't satisfy found match of "framer@1.0.5"
[2021-11-23 15:01:00.0710] - ERROR - yarn check: Found 1 errors.
[2021-11-23 15:01:00.3190] - INFO - Marking changed: false
[2021-11-23 15:01:01.2310] - ERROR - Framer Library version of project (1.0.5) is older than used in this Framer X version (1.1.7).
[2021-11-23 15:01:01.2310] - ERROR - Try selecting the Built-In Framer Library version from the File menu.
[2021-11-23 15:01:01.9740] - ERROR - yarn check: "@framer/ruucm.index-frame#framer@^0.10.4" doesn't satisfy found match of "framer@1.0.5"
[2021-11-23 15:01:02.3200] - ERROR - yarn check: Found 1 errors.
[2021-11-23 15:01:04.8220] - DEBUG - [Save session: 1] Started, operation: saveOperation
[2021-11-23 15:01:04.8220] - DEBUG - [Save session: 1] Before container.writeChanges
[2021-11-23 15:01:04.8220] - DEBUG - [Save session: 1] Before waitUsingRecursiveRunLoop
[2021-11-23 15:01:04.8890] - DEBUG - [Save session: 1] Completed container.writeChanges
[2021-11-23 15:01:04.8890] - DEBUG - [Save session: 1] Completed waitUsingRecursiveRunLoop
[2021-11-23 15:01:04.8920] - INFO - Marking changed: false
[2021-11-23 15:01:04.8940] - DEBUG - [Save session: 1] Completed super.save
[2021-11-23 15:01:08.3820] - INFO - writing standalone output /Users/ruucm/Desktop/framer-chatbot
[2021-11-23 15:01:08.5530] - INFO - standalone export done: /Users/ruucm/Desktop/framer-chatbot 124
